mode: atomic
github.com/selectel/mks-go/pkg/v2/mksclient/client.gen.go:50.70,56.25 2 0
github.com/selectel/mks-go/pkg/v2/mksclient/client.gen.go:56.25,57.36 1 0
github.com/selectel/mks-go/pkg/v2/mksclient/client.gen.go:57.36,59.4 1 0
github.com/selectel/mks-go/pkg/v2/mksclient/client.gen.go:62.2,62.44 1 0
github.com/selectel/mks-go/pkg/v2/mksclient/client.gen.go:62.44,64.3 1 0
github.com/selectel/mks-go/pkg/v2/mksclient/client.gen.go:66.2,66.26 1 0
github.com/selectel/mks-go/pkg/v2/mksclient/client.gen.go:66.26,68.3 1 0
github.com/selectel/mks-go/pkg/v2/mksclient/client.gen.go:69.2,69.21 1 0
github.com/selectel/mks-go/pkg/v2/mksclient/client.gen.go:74.56,75.31 1 0
github.com/selectel/mks-go/pkg/v2/mksclient/client.gen.go:75.31,78.3 2 0
github.com/selectel/mks-go/pkg/v2/mksclient/client.gen.go:83.59,84.31 1 0
github.com/selectel/mks-go/pkg/v2/mksclient/client.gen.go:84.31,87.3 2 0
github.com/selectel/mks-go/pkg/v2/mksclient/client.gen.go:203.121,205.16 2 0
github.com/selectel/mks-go/pkg/v2/mksclient/client.gen.go:205.16,207.3 1 0
github.com/selectel/mks-go/pkg/v2/mksclient/client.gen.go:208.2,209.61 2 0
github.com/selectel/mks-go/pkg/v2/mksclient/client.gen.go:209.61,211.3 1 0
github.com/selectel/mks-go/pkg/v2/mksclient/client.gen.go:212.2,212.25 1 0
github.com/selectel/mks-go/pkg/v2/mksclient/client.gen.go:215.109,217.16 2 0
github.com/selectel/mks-go/pkg/v2/mksclient/client.gen.go:217.16,219.3 1 0
github.com/selectel/mks-go/pkg/v2/mksclient/client.gen.go:220.2,221.61 2 0
github.com/selectel/mks-go/pkg/v2/mksclient/client.gen.go:221.61,223.3 1 0
github.com/selectel/mks-go/pkg/v2/mksclient/client.gen.go:224.2,224.25 1 0
github.com/selectel/mks-go/pkg/v2/mksclient/client.gen.go:227.154,229.16 2 0
github.com/selectel/mks-go/pkg/v2/mksclient/client.gen.go:229.16,231.3 1 0
github.com/selectel/mks-go/pkg/v2/mksclient/client.gen.go:232.2,233.61 2 0
github.com/selectel/mks-go/pkg/v2/mksclient/client.gen.go:233.61,235.3 1 0
github.com/selectel/mks-go/pkg/v2/mksclient/client.gen.go:236.2,236.25 1 0
github.com/selectel/mks-go/pkg/v2/mksclient/client.gen.go:239.147,241.16 2 0
github.com/selectel/mks-go/pkg/v2/mksclient/client.gen.go:241.16,243.3 1 0
github.com/selectel/mks-go/pkg/v2/mksclient/client.gen.go:244.2,245.61 2 0
github.com/selectel/mks-go/pkg/v2/mksclient/client.gen.go:245.61,247.3 1 0
github.com/selectel/mks-go/pkg/v2/mksclient/client.gen.go:248.2,248.25 1 0
github.com/selectel/mks-go/pkg/v2/mksclient/client.gen.go:251.131,253.16 2 0
github.com/selectel/mks-go/pkg/v2/mksclient/client.gen.go:253.16,255.3 1 0
github.com/selectel/mks-go/pkg/v2/mksclient/client.gen.go:256.2,257.61 2 0
github.com/selectel/mks-go/pkg/v2/mksclient/client.gen.go:257.61,259.3 1 0
github.com/selectel/mks-go/pkg/v2/mksclient/client.gen.go:260.2,260.25 1 0
github.com/selectel/mks-go/pkg/v2/mksclient/client.gen.go:263.128,265.16 2 0
github.com/selectel/mks-go/pkg/v2/mksclient/client.gen.go:265.16,267.3 1 0
github.com/selectel/mks-go/pkg/v2/mksclient/client.gen.go:268.2,269.61 2 0
github.com/selectel/mks-go/pkg/v2/mksclient/client.gen.go:269.61,271.3 1 0
github.com/selectel/mks-go/pkg/v2/mksclient/client.gen.go:272.2,272.25 1 0
github.com/selectel/mks-go/pkg/v2/mksclient/client.gen.go:275.175,277.16 2 0
github.com/selectel/mks-go/pkg/v2/mksclient/client.gen.go:277.16,279.3 1 0
github.com/selectel/mks-go/pkg/v2/mksclient/client.gen.go:280.2,281.61 2 0
github.com/selectel/mks-go/pkg/v2/mksclient/client.gen.go:281.61,283.3 1 0
github.com/selectel/mks-go/pkg/v2/mksclient/client.gen.go:284.2,284.25 1 0
github.com/selectel/mks-go/pkg/v2/mksclient/client.gen.go:287.168,289.16 2 0
github.com/selectel/mks-go/pkg/v2/mksclient/client.gen.go:289.16,291.3 1 0
github.com/selectel/mks-go/pkg/v2/mksclient/client.gen.go:292.2,293.61 2 0
github.com/selectel/mks-go/pkg/v2/mksclient/client.gen.go:293.61,295.3 1 0
github.com/selectel/mks-go/pkg/v2/mksclient/client.gen.go:296.2,296.25 1 0
github.com/selectel/mks-go/pkg/v2/mksclient/client.gen.go:299.170,301.16 2 0
github.com/selectel/mks-go/pkg/v2/mksclient/client.gen.go:301.16,303.3 1 0
github.com/selectel/mks-go/pkg/v2/mksclient/client.gen.go:304.2,305.61 2 0
github.com/selectel/mks-go/pkg/v2/mksclient/client.gen.go:305.61,307.3 1 0
github.com/selectel/mks-go/pkg/v2/mksclient/client.gen.go:308.2,308.25 1 0
github.com/selectel/mks-go/pkg/v2/mksclient/client.gen.go:311.138,313.16 2 0
github.com/selectel/mks-go/pkg/v2/mksclient/client.gen.go:313.16,315.3 1 0
github.com/selectel/mks-go/pkg/v2/mksclient/client.gen.go:316.2,317.61 2 0
github.com/selectel/mks-go/pkg/v2/mksclient/client.gen.go:317.61,319.3 1 0
github.com/selectel/mks-go/pkg/v2/mksclient/client.gen.go:320.2,320.25 1 0
github.com/selectel/mks-go/pkg/v2/mksclient/client.gen.go:323.132,325.16 2 0
github.com/selectel/mks-go/pkg/v2/mksclient/client.gen.go:325.16,327.3 1 0
github.com/selectel/mks-go/pkg/v2/mksclient/client.gen.go:328.2,329.61 2 0
github.com/selectel/mks-go/pkg/v2/mksclient/client.gen.go:329.61,331.3 1 0
github.com/selectel/mks-go/pkg/v2/mksclient/client.gen.go:332.2,332.25 1 0
github.com/selectel/mks-go/pkg/v2/mksclient/client.gen.go:335.178,337.16 2 0
github.com/selectel/mks-go/pkg/v2/mksclient/client.gen.go:337.16,339.3 1 0
github.com/selectel/mks-go/pkg/v2/mksclient/client.gen.go:340.2,341.61 2 0
github.com/selectel/mks-go/pkg/v2/mksclient/client.gen.go:341.61,343.3 1 0
github.com/selectel/mks-go/pkg/v2/mksclient/client.gen.go:344.2,344.25 1 0
github.com/selectel/mks-go/pkg/v2/mksclient/client.gen.go:347.174,349.16 2 0
github.com/selectel/mks-go/pkg/v2/mksclient/client.gen.go:349.16,351.3 1 0
github.com/selectel/mks-go/pkg/v2/mksclient/client.gen.go:352.2,353.61 2 0
github.com/selectel/mks-go/pkg/v2/mksclient/client.gen.go:353.61,355.3 1 0
github.com/selectel/mks-go/pkg/v2/mksclient/client.gen.go:356.2,356.25 1 0
github.com/selectel/mks-go/pkg/v2/mksclient/client.gen.go:359.158,361.16 2 0
github.com/selectel/mks-go/pkg/v2/mksclient/client.gen.go:361.16,363.3 1 0
github.com/selectel/mks-go/pkg/v2/mksclient/client.gen.go:364.2,365.61 2 0
github.com/selectel/mks-go/pkg/v2/mksclient/client.gen.go:365.61,367.3 1 0
github.com/selectel/mks-go/pkg/v2/mksclient/client.gen.go:368.2,368.25 1 0
github.com/selectel/mks-go/pkg/v2/mksclient/client.gen.go:371.155,373.16 2 0
github.com/selectel/mks-go/pkg/v2/mksclient/client.gen.go:373.16,375.3 1 0
github.com/selectel/mks-go/pkg/v2/mksclient/client.gen.go:376.2,377.61 2 0
github.com/selectel/mks-go/pkg/v2/mksclient/client.gen.go:377.61,379.3 1 0
github.com/selectel/mks-go/pkg/v2/mksclient/client.gen.go:380.2,380.25 1 0
github.com/selectel/mks-go/pkg/v2/mksclient/client.gen.go:383.202,385.16 2 0
github.com/selectel/mks-go/pkg/v2/mksclient/client.gen.go:385.16,387.3 1 0
github.com/selectel/mks-go/pkg/v2/mksclient/client.gen.go:388.2,389.61 2 0
github.com/selectel/mks-go/pkg/v2/mksclient/client.gen.go:389.61,391.3 1 0
github.com/selectel/mks-go/pkg/v2/mksclient/client.gen.go:392.2,392.25 1 0
github.com/selectel/mks-go/pkg/v2/mksclient/client.gen.go:395.197,397.16 2 0
github.com/selectel/mks-go/pkg/v2/mksclient/client.gen.go:397.16,399.3 1 0
github.com/selectel/mks-go/pkg/v2/mksclient/client.gen.go:400.2,401.61 2 0
github.com/selectel/mks-go/pkg/v2/mksclient/client.gen.go:401.61,403.3 1 0
github.com/selectel/mks-go/pkg/v2/mksclient/client.gen.go:404.2,404.25 1 0
github.com/selectel/mks-go/pkg/v2/mksclient/client.gen.go:407.199,409.16 2 0
github.com/selectel/mks-go/pkg/v2/mksclient/client.gen.go:409.16,411.3 1 0
github.com/selectel/mks-go/pkg/v2/mksclient/client.gen.go:412.2,413.61 2 0
github.com/selectel/mks-go/pkg/v2/mksclient/client.gen.go:413.61,415.3 1 0
github.com/selectel/mks-go/pkg/v2/mksclient/client.gen.go:416.2,416.25 1 0
github.com/selectel/mks-go/pkg/v2/mksclient/client.gen.go:419.168,421.16 2 0
github.com/selectel/mks-go/pkg/v2/mksclient/client.gen.go:421.16,423.3 1 0
github.com/selectel/mks-go/pkg/v2/mksclient/client.gen.go:424.2,425.61 2 0
github.com/selectel/mks-go/pkg/v2/mksclient/client.gen.go:425.61,427.3 1 0
github.com/selectel/mks-go/pkg/v2/mksclient/client.gen.go:428.2,428.25 1 0
github.com/selectel/mks-go/pkg/v2/mksclient/client.gen.go:431.165,433.16 2 0
github.com/selectel/mks-go/pkg/v2/mksclient/client.gen.go:433.16,435.3 1 0
github.com/selectel/mks-go/pkg/v2/mksclient/client.gen.go:436.2,437.61 2 0
github.com/selectel/mks-go/pkg/v2/mksclient/client.gen.go:437.61,439.3 1 0
github.com/selectel/mks-go/pkg/v2/mksclient/client.gen.go:440.2,440.25 1 0
github.com/selectel/mks-go/pkg/v2/mksclient/client.gen.go:443.171,445.16 2 0
github.com/selectel/mks-go/pkg/v2/mksclient/client.gen.go:445.16,447.3 1 0
github.com/selectel/mks-go/pkg/v2/mksclient/client.gen.go:448.2,449.61 2 0
github.com/selectel/mks-go/pkg/v2/mksclient/client.gen.go:449.61,451.3 1 0
github.com/selectel/mks-go/pkg/v2/mksclient/client.gen.go:452.2,452.25 1 0
github.com/selectel/mks-go/pkg/v2/mksclient/client.gen.go:455.202,457.16 2 0
github.com/selectel/mks-go/pkg/v2/mksclient/client.gen.go:457.16,459.3 1 0
github.com/selectel/mks-go/pkg/v2/mksclient/client.gen.go:460.2,461.61 2 0
github.com/selectel/mks-go/pkg/v2/mksclient/client.gen.go:461.61,463.3 1 0
github.com/selectel/mks-go/pkg/v2/mksclient/client.gen.go:464.2,464.25 1 0
github.com/selectel/mks-go/pkg/v2/mksclient/client.gen.go:467.197,469.16 2 0
github.com/selectel/mks-go/pkg/v2/mksclient/client.gen.go:469.16,471.3 1 0
github.com/selectel/mks-go/pkg/v2/mksclient/client.gen.go:472.2,473.61 2 0
github.com/selectel/mks-go/pkg/v2/mksclient/client.gen.go:473.61,475.3 1 0
github.com/selectel/mks-go/pkg/v2/mksclient/client.gen.go:476.2,476.25 1 0
github.com/selectel/mks-go/pkg/v2/mksclient/client.gen.go:479.134,481.16 2 0
github.com/selectel/mks-go/pkg/v2/mksclient/client.gen.go:481.16,483.3 1 0
github.com/selectel/mks-go/pkg/v2/mksclient/client.gen.go:484.2,485.61 2 0
github.com/selectel/mks-go/pkg/v2/mksclient/client.gen.go:485.61,487.3 1 0
github.com/selectel/mks-go/pkg/v2/mksclient/client.gen.go:488.2,488.25 1 0
github.com/selectel/mks-go/pkg/v2/mksclient/client.gen.go:491.131,493.16 2 0
github.com/selectel/mks-go/pkg/v2/mksclient/client.gen.go:493.16,495.3 1 0
github.com/selectel/mks-go/pkg/v2/mksclient/client.gen.go:496.2,497.61 2 0
github.com/selectel/mks-go/pkg/v2/mksclient/client.gen.go:497.61,499.3 1 0
github.com/selectel/mks-go/pkg/v2/mksclient/client.gen.go:500.2,500.25 1 0
github.com/selectel/mks-go/pkg/v2/mksclient/client.gen.go:503.178,505.16 2 0
github.com/selectel/mks-go/pkg/v2/mksclient/client.gen.go:505.16,507.3 1 0
github.com/selectel/mks-go/pkg/v2/mksclient/client.gen.go:508.2,509.61 2 0
github.com/selectel/mks-go/pkg/v2/mksclient/client.gen.go:509.61,511.3 1 0
github.com/selectel/mks-go/pkg/v2/mksclient/client.gen.go:512.2,512.25 1 0
github.com/selectel/mks-go/pkg/v2/mksclient/client.gen.go:515.174,517.16 2 0
github.com/selectel/mks-go/pkg/v2/mksclient/client.gen.go:517.16,519.3 1 0
github.com/selectel/mks-go/pkg/v2/mksclient/client.gen.go:520.2,521.61 2 0
github.com/selectel/mks-go/pkg/v2/mksclient/client.gen.go:521.61,523.3 1 0
github.com/selectel/mks-go/pkg/v2/mksclient/client.gen.go:524.2,524.25 1 0
github.com/selectel/mks-go/pkg/v2/mksclient/client.gen.go:527.178,529.16 2 0
github.com/selectel/mks-go/pkg/v2/mksclient/client.gen.go:529.16,531.3 1 0
github.com/selectel/mks-go/pkg/v2/mksclient/client.gen.go:532.2,533.61 2 0
github.com/selectel/mks-go/pkg/v2/mksclient/client.gen.go:533.61,535.3 1 0
github.com/selectel/mks-go/pkg/v2/mksclient/client.gen.go:536.2,536.25 1 0
github.com/selectel/mks-go/pkg/v2/mksclient/client.gen.go:539.174,541.16 2 0
github.com/selectel/mks-go/pkg/v2/mksclient/client.gen.go:541.16,543.3 1 0
github.com/selectel/mks-go/pkg/v2/mksclient/client.gen.go:544.2,545.61 2 0
github.com/selectel/mks-go/pkg/v2/mksclient/client.gen.go:545.61,547.3 1 0
github.com/selectel/mks-go/pkg/v2/mksclient/client.gen.go:548.2,548.25 1 0
github.com/selectel/mks-go/pkg/v2/mksclient/client.gen.go:551.155,553.16 2 0
github.com/selectel/mks-go/pkg/v2/mksclient/client.gen.go:553.16,555.3 1 0
github.com/selectel/mks-go/pkg/v2/mksclient/client.gen.go:556.2,557.61 2 0
github.com/selectel/mks-go/pkg/v2/mksclient/client.gen.go:557.61,559.3 1 0
github.com/selectel/mks-go/pkg/v2/mksclient/client.gen.go:560.2,560.25 1 0
github.com/selectel/mks-go/pkg/v2/mksclient/client.gen.go:563.136,565.16 2 0
github.com/selectel/mks-go/pkg/v2/mksclient/client.gen.go:565.16,567.3 1 0
github.com/selectel/mks-go/pkg/v2/mksclient/client.gen.go:568.2,569.61 2 0
github.com/selectel/mks-go/pkg/v2/mksclient/client.gen.go:569.61,571.3 1 0
github.com/selectel/mks-go/pkg/v2/mksclient/client.gen.go:572.2,572.25 1 0
github.com/selectel/mks-go/pkg/v2/mksclient/client.gen.go:575.154,577.16 2 0
github.com/selectel/mks-go/pkg/v2/mksclient/client.gen.go:577.16,579.3 1 0
github.com/selectel/mks-go/pkg/v2/mksclient/client.gen.go:580.2,581.61 2 0
github.com/selectel/mks-go/pkg/v2/mksclient/client.gen.go:581.61,583.3 1 0
github.com/selectel/mks-go/pkg/v2/mksclient/client.gen.go:584.2,584.25 1 0
github.com/selectel/mks-go/pkg/v2/mksclient/client.gen.go:587.165,589.16 2 0
github.com/selectel/mks-go/pkg/v2/mksclient/client.gen.go:589.16,591.3 1 0
github.com/selectel/mks-go/pkg/v2/mksclient/client.gen.go:592.2,593.61 2 0
github.com/selectel/mks-go/pkg/v2/mksclient/client.gen.go:593.61,595.3 1 0
github.com/selectel/mks-go/pkg/v2/mksclient/client.gen.go:596.2,596.25 1 0
github.com/selectel/mks-go/pkg/v2/mksclient/client.gen.go:599.137,601.16 2 0
github.com/selectel/mks-go/pkg/v2/mksclient/client.gen.go:601.16,603.3 1 0
github.com/selectel/mks-go/pkg/v2/mksclient/client.gen.go:604.2,605.61 2 0
github.com/selectel/mks-go/pkg/v2/mksclient/client.gen.go:605.61,607.3 1 0
github.com/selectel/mks-go/pkg/v2/mksclient/client.gen.go:608.2,608.25 1 0
github.com/selectel/mks-go/pkg/v2/mksclient/client.gen.go:611.137,613.16 2 0
github.com/selectel/mks-go/pkg/v2/mksclient/client.gen.go:613.16,615.3 1 0
github.com/selectel/mks-go/pkg/v2/mksclient/client.gen.go:616.2,617.61 2 0
github.com/selectel/mks-go/pkg/v2/mksclient/client.gen.go:617.61,619.3 1 0
github.com/selectel/mks-go/pkg/v2/mksclient/client.gen.go:620.2,620.25 1 0
github.com/selectel/mks-go/pkg/v2/mksclient/client.gen.go:623.133,625.16 2 0
github.com/selectel/mks-go/pkg/v2/mksclient/client.gen.go:625.16,627.3 1 0
github.com/selectel/mks-go/pkg/v2/mksclient/client.gen.go:628.2,629.61 2 0
github.com/selectel/mks-go/pkg/v2/mksclient/client.gen.go:629.61,631.3 1 0
github.com/selectel/mks-go/pkg/v2/mksclient/client.gen.go:632.2,632.25 1 0
github.com/selectel/mks-go/pkg/v2/mksclient/client.gen.go:635.105,637.16 2 0
github.com/selectel/mks-go/pkg/v2/mksclient/client.gen.go:637.16,639.3 1 0
github.com/selectel/mks-go/pkg/v2/mksclient/client.gen.go:640.2,641.61 2 0
github.com/selectel/mks-go/pkg/v2/mksclient/client.gen.go:641.61,643.3 1 0
github.com/selectel/mks-go/pkg/v2/mksclient/client.gen.go:644.2,644.25 1 0
github.com/selectel/mks-go/pkg/v2/mksclient/client.gen.go:647.113,649.16 2 0
github.com/selectel/mks-go/pkg/v2/mksclient/client.gen.go:649.16,651.3 1 0
github.com/selectel/mks-go/pkg/v2/mksclient/client.gen.go:652.2,653.61 2 0
github.com/selectel/mks-go/pkg/v2/mksclient/client.gen.go:653.61,655.3 1 0
github.com/selectel/mks-go/pkg/v2/mksclient/client.gen.go:656.2,656.25 1 0
github.com/selectel/mks-go/pkg/v2/mksclient/client.gen.go:659.113,661.16 2 0
github.com/selectel/mks-go/pkg/v2/mksclient/client.gen.go:661.16,663.3 1 0
github.com/selectel/mks-go/pkg/v2/mksclient/client.gen.go:664.2,665.61 2 0
github.com/selectel/mks-go/pkg/v2/mksclient/client.gen.go:665.61,667.3 1 0
github.com/selectel/mks-go/pkg/v2/mksclient/client.gen.go:668.2,668.25 1 0
github.com/selectel/mks-go/pkg/v2/mksclient/client.gen.go:672.81,676.16 3 0
github.com/selectel/mks-go/pkg/v2/mksclient/client.gen.go:676.16,678.3 1 0
github.com/selectel/mks-go/pkg/v2/mksclient/client.gen.go:680.2,681.29 2 0
github.com/selectel/mks-go/pkg/v2/mksclient/client.gen.go:681.29,683.3 1 0
github.com/selectel/mks-go/pkg/v2/mksclient/client.gen.go:685.2,686.16 2 0
github.com/selectel/mks-go/pkg/v2/mksclient/client.gen.go:686.16,688.3 1 0
github.com/selectel/mks-go/pkg/v2/mksclient/client.gen.go:690.2,691.16 2 0
github.com/selectel/mks-go/pkg/v2/mksclient/client.gen.go:691.16,693.3 1 0
github.com/selectel/mks-go/pkg/v2/mksclient/client.gen.go:695.2,695.17 1 0
github.com/selectel/mks-go/pkg/v2/mksclient/client.gen.go:699.69,703.16 3 0
github.com/selectel/mks-go/pkg/v2/mksclient/client.gen.go:703.16,705.3 1 0
github.com/selectel/mks-go/pkg/v2/mksclient/client.gen.go:707.2,708.29 2 0
github.com/selectel/mks-go/pkg/v2/mksclient/client.gen.go:708.29,710.3 1 0
github.com/selectel/mks-go/pkg/v2/mksclient/client.gen.go:712.2,713.16 2 0
github.com/selectel/mks-go/pkg/v2/mksclient/client.gen.go:713.16,715.3 1 0
github.com/selectel/mks-go/pkg/v2/mksclient/client.gen.go:717.2,718.16 2 0
github.com/selectel/mks-go/pkg/v2/mksclient/client.gen.go:718.16,720.3 1 0
github.com/selectel/mks-go/pkg/v2/mksclient/client.gen.go:722.2,722.17 1 0
github.com/selectel/mks-go/pkg/v2/mksclient/client.gen.go:726.107,729.16 3 0
github.com/selectel/mks-go/pkg/v2/mksclient/client.gen.go:729.16,731.3 1 0
github.com/selectel/mks-go/pkg/v2/mksclient/client.gen.go:732.2,733.82 2 0
github.com/selectel/mks-go/pkg/v2/mksclient/client.gen.go:737.114,741.16 3 0
github.com/selectel/mks-go/pkg/v2/mksclient/client.gen.go:741.16,743.3 1 0
github.com/selectel/mks-go/pkg/v2/mksclient/client.gen.go:745.2,746.29 2 0
github.com/selectel/mks-go/pkg/v2/mksclient/client.gen.go:746.29,748.3 1 0
github.com/selectel/mks-go/pkg/v2/mksclient/client.gen.go:750.2,751.16 2 0
github.com/selectel/mks-go/pkg/v2/mksclient/client.gen.go:751.16,753.3 1 0
github.com/selectel/mks-go/pkg/v2/mksclient/client.gen.go:755.2,756.16 2 0
github.com/selectel/mks-go/pkg/v2/mksclient/client.gen.go:756.16,758.3 1 0
github.com/selectel/mks-go/pkg/v2/mksclient/client.gen.go:760.2,762.17 2 0
github.com/selectel/mks-go/pkg/v2/mksclient/client.gen.go:766.91,772.16 4 0
github.com/selectel/mks-go/pkg/v2/mksclient/client.gen.go:772.16,774.3 1 0
github.com/selectel/mks-go/pkg/v2/mksclient/client.gen.go:776.2,777.16 2 0
github.com/selectel/mks-go/pkg/v2/mksclient/client.gen.go:777.16,779.3 1 0
github.com/selectel/mks-go/pkg/v2/mksclient/client.gen.go:781.2,782.29 2 0
github.com/selectel/mks-go/pkg/v2/mksclient/client.gen.go:782.29,784.3 1 0
github.com/selectel/mks-go/pkg/v2/mksclient/client.gen.go:786.2,787.16 2 0
github.com/selectel/mks-go/pkg/v2/mksclient/client.gen.go:787.16,789.3 1 0
github.com/selectel/mks-go/pkg/v2/mksclient/client.gen.go:791.2,792.16 2 0
github.com/selectel/mks-go/pkg/v2/mksclient/client.gen.go:792.16,794.3 1 0
github.com/selectel/mks-go/pkg/v2/mksclient/client.gen.go:796.2,796.17 1 0
github.com/selectel/mks-go/pkg/v2/mksclient/client.gen.go:800.88,806.16 4 0
github.com/selectel/mks-go/pkg/v2/mksclient/client.gen.go:806.16,808.3 1 0
github.com/selectel/mks-go/pkg/v2/mksclient/client.gen.go:810.2,811.16 2 0
github.com/selectel/mks-go/pkg/v2/mksclient/client.gen.go:811.16,813.3 1 0
github.com/selectel/mks-go/pkg/v2/mksclient/client.gen.go:815.2,816.29 2 0
github.com/selectel/mks-go/pkg/v2/mksclient/client.gen.go:816.29,818.3 1 0
github.com/selectel/mks-go/pkg/v2/mksclient/client.gen.go:820.2,821.16 2 0
github.com/selectel/mks-go/pkg/v2/mksclient/client.gen.go:821.16,823.3 1 0
github.com/selectel/mks-go/pkg/v2/mksclient/client.gen.go:825.2,826.16 2 0
github.com/selectel/mks-go/pkg/v2/mksclient/client.gen.go:826.16,828.3 1 0
github.com/selectel/mks-go/pkg/v2/mksclient/client.gen.go:830.2,830.17 1 0
github.com/selectel/mks-go/pkg/v2/mksclient/client.gen.go:834.128,837.16 3 0
github.com/selectel/mks-go/pkg/v2/mksclient/client.gen.go:837.16,839.3 1 0
github.com/selectel/mks-go/pkg/v2/mksclient/client.gen.go:840.2,841.93 2 0
github.com/selectel/mks-go/pkg/v2/mksclient/client.gen.go:845.135,851.16 4 0
github.com/selectel/mks-go/pkg/v2/mksclient/client.gen.go:851.16,853.3 1 0
github.com/selectel/mks-go/pkg/v2/mksclient/client.gen.go:855.2,856.16 2 0
github.com/selectel/mks-go/pkg/v2/mksclient/client.gen.go:856.16,858.3 1 0
github.com/selectel/mks-go/pkg/v2/mksclient/client.gen.go:860.2,861.29 2 0
github.com/selectel/mks-go/pkg/v2/mksclient/client.gen.go:861.29,863.3 1 0
github.com/selectel/mks-go/pkg/v2/mksclient/client.gen.go:865.2,866.16 2 0
github.com/selectel/mks-go/pkg/v2/mksclient/client.gen.go:866.16,868.3 1 0
github.com/selectel/mks-go/pkg/v2/mksclient/client.gen.go:870.2,871.16 2 0
github.com/selectel/mks-go/pkg/v2/mksclient/client.gen.go:871.16,873.3 1 0
github.com/selectel/mks-go/pkg/v2/mksclient/client.gen.go:875.2,877.17 2 0
github.com/selectel/mks-go/pkg/v2/mksclient/client.gen.go:881.130,887.16 4 0
github.com/selectel/mks-go/pkg/v2/mksclient/client.gen.go:887.16,889.3 1 0
github.com/selectel/mks-go/pkg/v2/mksclient/client.gen.go:891.2,892.16 2 0
github.com/selectel/mks-go/pkg/v2/mksclient/client.gen.go:892.16,894.3 1 0
github.com/selectel/mks-go/pkg/v2/mksclient/client.gen.go:896.2,897.29 2 0
github.com/selectel/mks-go/pkg/v2/mksclient/client.gen.go:897.29,899.3 1 0
github.com/selectel/mks-go/pkg/v2/mksclient/client.gen.go:901.2,902.16 2 0
github.com/selectel/mks-go/pkg/v2/mksclient/client.gen.go:902.16,904.3 1 0
github.com/selectel/mks-go/pkg/v2/mksclient/client.gen.go:906.2,906.19 1 0
github.com/selectel/mks-go/pkg/v2/mksclient/client.gen.go:906.19,909.25 2 0
github.com/selectel/mks-go/pkg/v2/mksclient/client.gen.go:909.25,911.201 1 0
github.com/selectel/mks-go/pkg/v2/mksclient/client.gen.go:911.201,913.5 1 0
github.com/selectel/mks-go/pkg/v2/mksclient/client.gen.go:913.10,913.67 1 0
github.com/selectel/mks-go/pkg/v2/mksclient/client.gen.go:913.67,915.5 1 0
github.com/selectel/mks-go/pkg/v2/mksclient/client.gen.go:915.10,916.30 1 0
github.com/selectel/mks-go/pkg/v2/mksclient/client.gen.go:916.30,917.27 1 0
github.com/selectel/mks-go/pkg/v2/mksclient/client.gen.go:917.27,919.7 1 0
github.com/selectel/mks-go/pkg/v2/mksclient/client.gen.go:925.3,925.43 1 0
github.com/selectel/mks-go/pkg/v2/mksclient/client.gen.go:928.2,929.16 2 0
github.com/selectel/mks-go/pkg/v2/mksclient/client.gen.go:929.16,931.3 1 0
github.com/selectel/mks-go/pkg/v2/mksclient/client.gen.go:933.2,933.17 1 0
github.com/selectel/mks-go/pkg/v2/mksclient/client.gen.go:937.98,943.16 4 0
github.com/selectel/mks-go/pkg/v2/mksclient/client.gen.go:943.16,945.3 1 0
github.com/selectel/mks-go/pkg/v2/mksclient/client.gen.go:947.2,948.16 2 0
github.com/selectel/mks-go/pkg/v2/mksclient/client.gen.go:948.16,950.3 1 0
github.com/selectel/mks-go/pkg/v2/mksclient/client.gen.go:952.2,953.29 2 0
github.com/selectel/mks-go/pkg/v2/mksclient/client.gen.go:953.29,955.3 1 0
github.com/selectel/mks-go/pkg/v2/mksclient/client.gen.go:957.2,958.16 2 0
github.com/selectel/mks-go/pkg/v2/mksclient/client.gen.go:958.16,960.3 1 0
github.com/selectel/mks-go/pkg/v2/mksclient/client.gen.go:962.2,963.16 2 0
github.com/selectel/mks-go/pkg/v2/mksclient/client.gen.go:963.16,965.3 1 0
github.com/selectel/mks-go/pkg/v2/mksclient/client.gen.go:967.2,967.17 1 0
github.com/selectel/mks-go/pkg/v2/mksclient/client.gen.go:971.92,977.16 4 0
github.com/selectel/mks-go/pkg/v2/mksclient/client.gen.go:977.16,979.3 1 0
github.com/selectel/mks-go/pkg/v2/mksclient/client.gen.go:981.2,982.16 2 0
github.com/selectel/mks-go/pkg/v2/mksclient/client.gen.go:982.16,984.3 1 0
github.com/selectel/mks-go/pkg/v2/mksclient/client.gen.go:986.2,987.29 2 0
github.com/selectel/mks-go/pkg/v2/mksclient/client.gen.go:987.29,989.3 1 0
github.com/selectel/mks-go/pkg/v2/mksclient/client.gen.go:991.2,992.16 2 0
github.com/selectel/mks-go/pkg/v2/mksclient/client.gen.go:992.16,994.3 1 0
github.com/selectel/mks-go/pkg/v2/mksclient/client.gen.go:996.2,997.16 2 0
github.com/selectel/mks-go/pkg/v2/mksclient/client.gen.go:997.16,999.3 1 0
github.com/selectel/mks-go/pkg/v2/mksclient/client.gen.go:1001.2,1001.17 1 0
github.com/selectel/mks-go/pkg/v2/mksclient/client.gen.go:1005.134,1008.16 3 0
github.com/selectel/mks-go/pkg/v2/mksclient/client.gen.go:1008.16,1010.3 1 0
github.com/selectel/mks-go/pkg/v2/mksclient/client.gen.go:1011.2,1012.96 2 0
github.com/selectel/mks-go/pkg/v2/mksclient/client.gen.go:1016.138,1022.16 4 0
github.com/selectel/mks-go/pkg/v2/mksclient/client.gen.go:1022.16,1024.3 1 0
github.com/selectel/mks-go/pkg/v2/mksclient/client.gen.go:1026.2,1027.16 2 0
github.com/selectel/mks-go/pkg/v2/mksclient/client.gen.go:1027.16,1029.3 1 0
github.com/selectel/mks-go/pkg/v2/mksclient/client.gen.go:1031.2,1032.29 2 0
github.com/selectel/mks-go/pkg/v2/mksclient/client.gen.go:1032.29,1034.3 1 0
github.com/selectel/mks-go/pkg/v2/mksclient/client.gen.go:1036.2,1037.16 2 0
github.com/selectel/mks-go/pkg/v2/mksclient/client.gen.go:1037.16,1039.3 1 0
github.com/selectel/mks-go/pkg/v2/mksclient/client.gen.go:1041.2,1042.16 2 0
github.com/selectel/mks-go/pkg/v2/mksclient/client.gen.go:1042.16,1044.3 1 0
github.com/selectel/mks-go/pkg/v2/mksclient/client.gen.go:1046.2,1048.17 2 0
github.com/selectel/mks-go/pkg/v2/mksclient/client.gen.go:1052.118,1058.16 4 0
github.com/selectel/mks-go/pkg/v2/mksclient/client.gen.go:1058.16,1060.3 1 0
github.com/selectel/mks-go/pkg/v2/mksclient/client.gen.go:1062.2,1065.16 3 0
github.com/selectel/mks-go/pkg/v2/mksclient/client.gen.go:1065.16,1067.3 1 0
github.com/selectel/mks-go/pkg/v2/mksclient/client.gen.go:1069.2,1070.16 2 0
github.com/selectel/mks-go/pkg/v2/mksclient/client.gen.go:1070.16,1072.3 1 0
github.com/selectel/mks-go/pkg/v2/mksclient/client.gen.go:1074.2,1075.29 2 0
github.com/selectel/mks-go/pkg/v2/mksclient/client.gen.go:1075.29,1077.3 1 0
github.com/selectel/mks-go/pkg/v2/mksclient/client.gen.go:1079.2,1080.16 2 0
github.com/selectel/mks-go/pkg/v2/mksclient/client.gen.go:1080.16,1082.3 1 0
github.com/selectel/mks-go/pkg/v2/mksclient/client.gen.go:1084.2,1085.16 2 0
github.com/selectel/mks-go/pkg/v2/mksclient/client.gen.go:1085.16,1087.3 1 0
github.com/selectel/mks-go/pkg/v2/mksclient/client.gen.go:1089.2,1089.17 1 0
github.com/selectel/mks-go/pkg/v2/mksclient/client.gen.go:1093.115,1099.16 4 0
github.com/selectel/mks-go/pkg/v2/mksclient/client.gen.go:1099.16,1101.3 1 0
github.com/selectel/mks-go/pkg/v2/mksclient/client.gen.go:1103.2,1106.16 3 0
github.com/selectel/mks-go/pkg/v2/mksclient/client.gen.go:1106.16,1108.3 1 0
github.com/selectel/mks-go/pkg/v2/mksclient/client.gen.go:1110.2,1111.16 2 0
github.com/selectel/mks-go/pkg/v2/mksclient/client.gen.go:1111.16,1113.3 1 0
github.com/selectel/mks-go/pkg/v2/mksclient/client.gen.go:1115.2,1116.29 2 0
github.com/selectel/mks-go/pkg/v2/mksclient/client.gen.go:1116.29,1118.3 1 0
github.com/selectel/mks-go/pkg/v2/mksclient/client.gen.go:1120.2,1121.16 2 0
github.com/selectel/mks-go/pkg/v2/mksclient/client.gen.go:1121.16,1123.3 1 0
github.com/selectel/mks-go/pkg/v2/mksclient/client.gen.go:1125.2,1126.16 2 0
github.com/selectel/mks-go/pkg/v2/mksclient/client.gen.go:1126.16,1128.3 1 0
github.com/selectel/mks-go/pkg/v2/mksclient/client.gen.go:1130.2,1130.17 1 0
github.com/selectel/mks-go/pkg/v2/mksclient/client.gen.go:1134.157,1137.16 3 0
github.com/selectel/mks-go/pkg/v2/mksclient/client.gen.go:1137.16,1139.3 1 0
github.com/selectel/mks-go/pkg/v2/mksclient/client.gen.go:1140.2,1141.108 2 0
github.com/selectel/mks-go/pkg/v2/mksclient/client.gen.go:1145.162,1151.16 4 0
github.com/selectel/mks-go/pkg/v2/mksclient/client.gen.go:1151.16,1153.3 1 0
github.com/selectel/mks-go/pkg/v2/mksclient/client.gen.go:1155.2,1158.16 3 0
github.com/selectel/mks-go/pkg/v2/mksclient/client.gen.go:1158.16,1160.3 1 0
github.com/selectel/mks-go/pkg/v2/mksclient/client.gen.go:1162.2,1163.16 2 0
github.com/selectel/mks-go/pkg/v2/mksclient/client.gen.go:1163.16,1165.3 1 0
github.com/selectel/mks-go/pkg/v2/mksclient/client.gen.go:1167.2,1168.29 2 0
github.com/selectel/mks-go/pkg/v2/mksclient/client.gen.go:1168.29,1170.3 1 0
github.com/selectel/mks-go/pkg/v2/mksclient/client.gen.go:1172.2,1173.16 2 0
github.com/selectel/mks-go/pkg/v2/mksclient/client.gen.go:1173.16,1175.3 1 0
github.com/selectel/mks-go/pkg/v2/mksclient/client.gen.go:1177.2,1178.16 2 0
github.com/selectel/mks-go/pkg/v2/mksclient/client.gen.go:1178.16,1180.3 1 0
github.com/selectel/mks-go/pkg/v2/mksclient/client.gen.go:1182.2,1184.17 2 0
github.com/selectel/mks-go/pkg/v2/mksclient/client.gen.go:1188.159,1194.16 4 0
github.com/selectel/mks-go/pkg/v2/mksclient/client.gen.go:1194.16,1196.3 1 0
github.com/selectel/mks-go/pkg/v2/mksclient/client.gen.go:1198.2,1201.16 3 0
github.com/selectel/mks-go/pkg/v2/mksclient/client.gen.go:1201.16,1203.3 1 0
github.com/selectel/mks-go/pkg/v2/mksclient/client.gen.go:1205.2,1206.16 2 0
github.com/selectel/mks-go/pkg/v2/mksclient/client.gen.go:1206.16,1208.3 1 0
github.com/selectel/mks-go/pkg/v2/mksclient/client.gen.go:1210.2,1211.29 2 0
github.com/selectel/mks-go/pkg/v2/mksclient/client.gen.go:1211.29,1213.3 1 0
github.com/selectel/mks-go/pkg/v2/mksclient/client.gen.go:1215.2,1216.16 2 0
github.com/selectel/mks-go/pkg/v2/mksclient/client.gen.go:1216.16,1218.3 1 0
github.com/selectel/mks-go/pkg/v2/mksclient/client.gen.go:1220.2,1220.19 1 0
github.com/selectel/mks-go/pkg/v2/mksclient/client.gen.go:1220.19,1223.25 2 0
github.com/selectel/mks-go/pkg/v2/mksclient/client.gen.go:1223.25,1225.201 1 0
github.com/selectel/mks-go/pkg/v2/mksclient/client.gen.go:1225.201,1227.5 1 0
github.com/selectel/mks-go/pkg/v2/mksclient/client.gen.go:1227.10,1227.67 1 0
github.com/selectel/mks-go/pkg/v2/mksclient/client.gen.go:1227.67,1229.5 1 0
github.com/selectel/mks-go/pkg/v2/mksclient/client.gen.go:1229.10,1230.30 1 0
github.com/selectel/mks-go/pkg/v2/mksclient/client.gen.go:1230.30,1231.27 1 0
github.com/selectel/mks-go/pkg/v2/mksclient/client.gen.go:1231.27,1233.7 1 0
github.com/selectel/mks-go/pkg/v2/mksclient/client.gen.go:1239.3,1239.43 1 0
github.com/selectel/mks-go/pkg/v2/mksclient/client.gen.go:1242.2,1243.16 2 0
github.com/selectel/mks-go/pkg/v2/mksclient/client.gen.go:1243.16,1245.3 1 0
github.com/selectel/mks-go/pkg/v2/mksclient/client.gen.go:1247.2,1247.17 1 0
github.com/selectel/mks-go/pkg/v2/mksclient/client.gen.go:1251.128,1257.16 4 0
github.com/selectel/mks-go/pkg/v2/mksclient/client.gen.go:1257.16,1259.3 1 0
github.com/selectel/mks-go/pkg/v2/mksclient/client.gen.go:1261.2,1264.16 3 0
github.com/selectel/mks-go/pkg/v2/mksclient/client.gen.go:1264.16,1266.3 1 0
github.com/selectel/mks-go/pkg/v2/mksclient/client.gen.go:1268.2,1271.16 3 0
github.com/selectel/mks-go/pkg/v2/mksclient/client.gen.go:1271.16,1273.3 1 0
github.com/selectel/mks-go/pkg/v2/mksclient/client.gen.go:1275.2,1276.16 2 0
github.com/selectel/mks-go/pkg/v2/mksclient/client.gen.go:1276.16,1278.3 1 0
github.com/selectel/mks-go/pkg/v2/mksclient/client.gen.go:1280.2,1281.29 2 0
github.com/selectel/mks-go/pkg/v2/mksclient/client.gen.go:1281.29,1283.3 1 0
github.com/selectel/mks-go/pkg/v2/mksclient/client.gen.go:1285.2,1286.16 2 0
github.com/selectel/mks-go/pkg/v2/mksclient/client.gen.go:1286.16,1288.3 1 0
github.com/selectel/mks-go/pkg/v2/mksclient/client.gen.go:1290.2,1291.16 2 0
github.com/selectel/mks-go/pkg/v2/mksclient/client.gen.go:1291.16,1293.3 1 0
github.com/selectel/mks-go/pkg/v2/mksclient/client.gen.go:1295.2,1295.17 1 0
github.com/selectel/mks-go/pkg/v2/mksclient/client.gen.go:1299.125,1305.16 4 0
github.com/selectel/mks-go/pkg/v2/mksclient/client.gen.go:1305.16,1307.3 1 0
github.com/selectel/mks-go/pkg/v2/mksclient/client.gen.go:1309.2,1312.16 3 0
github.com/selectel/mks-go/pkg/v2/mksclient/client.gen.go:1312.16,1314.3 1 0
github.com/selectel/mks-go/pkg/v2/mksclient/client.gen.go:1316.2,1319.16 3 0
github.com/selectel/mks-go/pkg/v2/mksclient/client.gen.go:1319.16,1321.3 1 0
github.com/selectel/mks-go/pkg/v2/mksclient/client.gen.go:1323.2,1324.16 2 0
github.com/selectel/mks-go/pkg/v2/mksclient/client.gen.go:1324.16,1326.3 1 0
github.com/selectel/mks-go/pkg/v2/mksclient/client.gen.go:1328.2,1329.29 2 0
github.com/selectel/mks-go/pkg/v2/mksclient/client.gen.go:1329.29,1331.3 1 0
github.com/selectel/mks-go/pkg/v2/mksclient/client.gen.go:1333.2,1334.16 2 0
github.com/selectel/mks-go/pkg/v2/mksclient/client.gen.go:1334.16,1336.3 1 0
github.com/selectel/mks-go/pkg/v2/mksclient/client.gen.go:1338.2,1339.16 2 0
github.com/selectel/mks-go/pkg/v2/mksclient/client.gen.go:1339.16,1341.3 1 0
github.com/selectel/mks-go/pkg/v2/mksclient/client.gen.go:1343.2,1343.17 1 0
github.com/selectel/mks-go/pkg/v2/mksclient/client.gen.go:1347.131,1353.16 4 0
github.com/selectel/mks-go/pkg/v2/mksclient/client.gen.go:1353.16,1355.3 1 0
github.com/selectel/mks-go/pkg/v2/mksclient/client.gen.go:1357.2,1360.16 3 0
github.com/selectel/mks-go/pkg/v2/mksclient/client.gen.go:1360.16,1362.3 1 0
github.com/selectel/mks-go/pkg/v2/mksclient/client.gen.go:1364.2,1367.16 3 0
github.com/selectel/mks-go/pkg/v2/mksclient/client.gen.go:1367.16,1369.3 1 0
github.com/selectel/mks-go/pkg/v2/mksclient/client.gen.go:1371.2,1372.16 2 0
github.com/selectel/mks-go/pkg/v2/mksclient/client.gen.go:1372.16,1374.3 1 0
github.com/selectel/mks-go/pkg/v2/mksclient/client.gen.go:1376.2,1377.29 2 0
github.com/selectel/mks-go/pkg/v2/mksclient/client.gen.go:1377.29,1379.3 1 0
github.com/selectel/mks-go/pkg/v2/mksclient/client.gen.go:1381.2,1382.16 2 0
github.com/selectel/mks-go/pkg/v2/mksclient/client.gen.go:1382.16,1384.3 1 0
github.com/selectel/mks-go/pkg/v2/mksclient/client.gen.go:1386.2,1387.16 2 0
github.com/selectel/mks-go/pkg/v2/mksclient/client.gen.go:1387.16,1389.3 1 0
github.com/selectel/mks-go/pkg/v2/mksclient/client.gen.go:1391.2,1391.17 1 0
github.com/selectel/mks-go/pkg/v2/mksclient/client.gen.go:1395.157,1398.16 3 0
github.com/selectel/mks-go/pkg/v2/mksclient/client.gen.go:1398.16,1400.3 1 0
github.com/selectel/mks-go/pkg/v2/mksclient/client.gen.go:1401.2,1402.108 2 0
github.com/selectel/mks-go/pkg/v2/mksclient/client.gen.go:1406.162,1412.16 4 0
github.com/selectel/mks-go/pkg/v2/mksclient/client.gen.go:1412.16,1414.3 1 0
github.com/selectel/mks-go/pkg/v2/mksclient/client.gen.go:1416.2,1419.16 3 0
github.com/selectel/mks-go/pkg/v2/mksclient/client.gen.go:1419.16,1421.3 1 0
github.com/selectel/mks-go/pkg/v2/mksclient/client.gen.go:1423.2,1424.16 2 0
github.com/selectel/mks-go/pkg/v2/mksclient/client.gen.go:1424.16,1426.3 1 0
github.com/selectel/mks-go/pkg/v2/mksclient/client.gen.go:1428.2,1429.29 2 0
github.com/selectel/mks-go/pkg/v2/mksclient/client.gen.go:1429.29,1431.3 1 0
github.com/selectel/mks-go/pkg/v2/mksclient/client.gen.go:1433.2,1434.16 2 0
github.com/selectel/mks-go/pkg/v2/mksclient/client.gen.go:1434.16,1436.3 1 0
github.com/selectel/mks-go/pkg/v2/mksclient/client.gen.go:1438.2,1439.16 2 0
github.com/selectel/mks-go/pkg/v2/mksclient/client.gen.go:1439.16,1441.3 1 0
github.com/selectel/mks-go/pkg/v2/mksclient/client.gen.go:1443.2,1445.17 2 0
github.com/selectel/mks-go/pkg/v2/mksclient/client.gen.go:1449.94,1455.16 4 0
github.com/selectel/mks-go/pkg/v2/mksclient/client.gen.go:1455.16,1457.3 1 0
github.com/selectel/mks-go/pkg/v2/mksclient/client.gen.go:1459.2,1460.16 2 0
github.com/selectel/mks-go/pkg/v2/mksclient/client.gen.go:1460.16,1462.3 1 0
github.com/selectel/mks-go/pkg/v2/mksclient/client.gen.go:1464.2,1465.29 2 0
github.com/selectel/mks-go/pkg/v2/mksclient/client.gen.go:1465.29,1467.3 1 0
github.com/selectel/mks-go/pkg/v2/mksclient/client.gen.go:1469.2,1470.16 2 0
github.com/selectel/mks-go/pkg/v2/mksclient/client.gen.go:1470.16,1472.3 1 0
github.com/selectel/mks-go/pkg/v2/mksclient/client.gen.go:1474.2,1475.16 2 0
github.com/selectel/mks-go/pkg/v2/mksclient/client.gen.go:1475.16,1477.3 1 0
github.com/selectel/mks-go/pkg/v2/mksclient/client.gen.go:1479.2,1479.17 1 0
github.com/selectel/mks-go/pkg/v2/mksclient/client.gen.go:1483.91,1489.16 4 0
github.com/selectel/mks-go/pkg/v2/mksclient/client.gen.go:1489.16,1491.3 1 0
github.com/selectel/mks-go/pkg/v2/mksclient/client.gen.go:1493.2,1494.16 2 0
github.com/selectel/mks-go/pkg/v2/mksclient/client.gen.go:1494.16,1496.3 1 0
github.com/selectel/mks-go/pkg/v2/mksclient/client.gen.go:1498.2,1499.29 2 0
github.com/selectel/mks-go/pkg/v2/mksclient/client.gen.go:1499.29,1501.3 1 0
github.com/selectel/mks-go/pkg/v2/mksclient/client.gen.go:1503.2,1504.16 2 0
github.com/selectel/mks-go/pkg/v2/mksclient/client.gen.go:1504.16,1506.3 1 0
github.com/selectel/mks-go/pkg/v2/mksclient/client.gen.go:1508.2,1509.16 2 0
github.com/selectel/mks-go/pkg/v2/mksclient/client.gen.go:1509.16,1511.3 1 0
github.com/selectel/mks-go/pkg/v2/mksclient/client.gen.go:1513.2,1513.17 1 0
github.com/selectel/mks-go/pkg/v2/mksclient/client.gen.go:1517.134,1520.16 3 0
github.com/selectel/mks-go/pkg/v2/mksclient/client.gen.go:1520.16,1522.3 1 0
github.com/selectel/mks-go/pkg/v2/mksclient/client.gen.go:1523.2,1524.96 2 0
github.com/selectel/mks-go/pkg/v2/mksclient/client.gen.go:1528.138,1534.16 4 0
github.com/selectel/mks-go/pkg/v2/mksclient/client.gen.go:1534.16,1536.3 1 0
github.com/selectel/mks-go/pkg/v2/mksclient/client.gen.go:1538.2,1539.16 2 0
github.com/selectel/mks-go/pkg/v2/mksclient/client.gen.go:1539.16,1541.3 1 0
github.com/selectel/mks-go/pkg/v2/mksclient/client.gen.go:1543.2,1544.29 2 0
github.com/selectel/mks-go/pkg/v2/mksclient/client.gen.go:1544.29,1546.3 1 0
github.com/selectel/mks-go/pkg/v2/mksclient/client.gen.go:1548.2,1549.16 2 0
github.com/selectel/mks-go/pkg/v2/mksclient/client.gen.go:1549.16,1551.3 1 0
github.com/selectel/mks-go/pkg/v2/mksclient/client.gen.go:1553.2,1554.16 2 0
github.com/selectel/mks-go/pkg/v2/mksclient/client.gen.go:1554.16,1556.3 1 0
github.com/selectel/mks-go/pkg/v2/mksclient/client.gen.go:1558.2,1560.17 2 0
github.com/selectel/mks-go/pkg/v2/mksclient/client.gen.go:1564.134,1567.16 3 0
github.com/selectel/mks-go/pkg/v2/mksclient/client.gen.go:1567.16,1569.3 1 0
github.com/selectel/mks-go/pkg/v2/mksclient/client.gen.go:1570.2,1571.96 2 0
github.com/selectel/mks-go/pkg/v2/mksclient/client.gen.go:1575.138,1581.16 4 0
github.com/selectel/mks-go/pkg/v2/mksclient/client.gen.go:1581.16,1583.3 1 0
github.com/selectel/mks-go/pkg/v2/mksclient/client.gen.go:1585.2,1586.16 2 0
github.com/selectel/mks-go/pkg/v2/mksclient/client.gen.go:1586.16,1588.3 1 0
github.com/selectel/mks-go/pkg/v2/mksclient/client.gen.go:1590.2,1591.29 2 0
github.com/selectel/mks-go/pkg/v2/mksclient/client.gen.go:1591.29,1593.3 1 0
github.com/selectel/mks-go/pkg/v2/mksclient/client.gen.go:1595.2,1596.16 2 0
github.com/selectel/mks-go/pkg/v2/mksclient/client.gen.go:1596.16,1598.3 1 0
github.com/selectel/mks-go/pkg/v2/mksclient/client.gen.go:1600.2,1601.16 2 0
github.com/selectel/mks-go/pkg/v2/mksclient/client.gen.go:1601.16,1603.3 1 0
github.com/selectel/mks-go/pkg/v2/mksclient/client.gen.go:1605.2,1607.17 2 0
github.com/selectel/mks-go/pkg/v2/mksclient/client.gen.go:1611.115,1617.16 4 0
github.com/selectel/mks-go/pkg/v2/mksclient/client.gen.go:1617.16,1619.3 1 0
github.com/selectel/mks-go/pkg/v2/mksclient/client.gen.go:1621.2,1624.16 3 0
github.com/selectel/mks-go/pkg/v2/mksclient/client.gen.go:1624.16,1626.3 1 0
github.com/selectel/mks-go/pkg/v2/mksclient/client.gen.go:1628.2,1629.16 2 0
github.com/selectel/mks-go/pkg/v2/mksclient/client.gen.go:1629.16,1631.3 1 0
github.com/selectel/mks-go/pkg/v2/mksclient/client.gen.go:1633.2,1634.29 2 0
github.com/selectel/mks-go/pkg/v2/mksclient/client.gen.go:1634.29,1636.3 1 0
github.com/selectel/mks-go/pkg/v2/mksclient/client.gen.go:1638.2,1639.16 2 0
github.com/selectel/mks-go/pkg/v2/mksclient/client.gen.go:1639.16,1641.3 1 0
github.com/selectel/mks-go/pkg/v2/mksclient/client.gen.go:1643.2,1644.16 2 0
github.com/selectel/mks-go/pkg/v2/mksclient/client.gen.go:1644.16,1646.3 1 0
github.com/selectel/mks-go/pkg/v2/mksclient/client.gen.go:1648.2,1648.17 1 0
github.com/selectel/mks-go/pkg/v2/mksclient/client.gen.go:1652.96,1658.16 4 0
github.com/selectel/mks-go/pkg/v2/mksclient/client.gen.go:1658.16,1660.3 1 0
github.com/selectel/mks-go/pkg/v2/mksclient/client.gen.go:1662.2,1663.16 2 0
github.com/selectel/mks-go/pkg/v2/mksclient/client.gen.go:1663.16,1665.3 1 0
github.com/selectel/mks-go/pkg/v2/mksclient/client.gen.go:1667.2,1668.29 2 0
github.com/selectel/mks-go/pkg/v2/mksclient/client.gen.go:1668.29,1670.3 1 0
github.com/selectel/mks-go/pkg/v2/mksclient/client.gen.go:1672.2,1673.16 2 0
github.com/selectel/mks-go/pkg/v2/mksclient/client.gen.go:1673.16,1675.3 1 0
github.com/selectel/mks-go/pkg/v2/mksclient/client.gen.go:1677.2,1678.16 2 0
github.com/selectel/mks-go/pkg/v2/mksclient/client.gen.go:1678.16,1680.3 1 0
github.com/selectel/mks-go/pkg/v2/mksclient/client.gen.go:1682.2,1682.17 1 0
github.com/selectel/mks-go/pkg/v2/mksclient/client.gen.go:1686.114,1692.16 4 0
github.com/selectel/mks-go/pkg/v2/mksclient/client.gen.go:1692.16,1694.3 1 0
github.com/selectel/mks-go/pkg/v2/mksclient/client.gen.go:1696.2,1697.16 2 0
github.com/selectel/mks-go/pkg/v2/mksclient/client.gen.go:1697.16,1699.3 1 0
github.com/selectel/mks-go/pkg/v2/mksclient/client.gen.go:1701.2,1702.29 2 0
github.com/selectel/mks-go/pkg/v2/mksclient/client.gen.go:1702.29,1704.3 1 0
github.com/selectel/mks-go/pkg/v2/mksclient/client.gen.go:1706.2,1707.16 2 0
github.com/selectel/mks-go/pkg/v2/mksclient/client.gen.go:1707.16,1709.3 1 0
github.com/selectel/mks-go/pkg/v2/mksclient/client.gen.go:1711.2,1711.19 1 0
github.com/selectel/mks-go/pkg/v2/mksclient/client.gen.go:1711.19,1714.26 2 0
github.com/selectel/mks-go/pkg/v2/mksclient/client.gen.go:1714.26,1716.210 1 0
github.com/selectel/mks-go/pkg/v2/mksclient/client.gen.go:1716.210,1718.5 1 0
github.com/selectel/mks-go/pkg/v2/mksclient/client.gen.go:1718.10,1718.67 1 0
github.com/selectel/mks-go/pkg/v2/mksclient/client.gen.go:1718.67,1720.5 1 0
github.com/selectel/mks-go/pkg/v2/mksclient/client.gen.go:1720.10,1721.30 1 0
github.com/selectel/mks-go/pkg/v2/mksclient/client.gen.go:1721.30,1722.27 1 0
github.com/selectel/mks-go/pkg/v2/mksclient/client.gen.go:1722.27,1724.7 1 0
github.com/selectel/mks-go/pkg/v2/mksclient/client.gen.go:1730.3,1730.27 1 0
github.com/selectel/mks-go/pkg/v2/mksclient/client.gen.go:1730.27,1732.212 1 0
github.com/selectel/mks-go/pkg/v2/mksclient/client.gen.go:1732.212,1734.5 1 0
github.com/selectel/mks-go/pkg/v2/mksclient/client.gen.go:1734.10,1734.67 1 0
github.com/selectel/mks-go/pkg/v2/mksclient/client.gen.go:1734.67,1736.5 1 0
github.com/selectel/mks-go/pkg/v2/mksclient/client.gen.go:1736.10,1737.30 1 0
github.com/selectel/mks-go/pkg/v2/mksclient/client.gen.go:1737.30,1738.27 1 0
github.com/selectel/mks-go/pkg/v2/mksclient/client.gen.go:1738.27,1740.7 1 0
github.com/selectel/mks-go/pkg/v2/mksclient/client.gen.go:1746.3,1746.37 1 0
github.com/selectel/mks-go/pkg/v2/mksclient/client.gen.go:1746.37,1748.228 1 0
github.com/selectel/mks-go/pkg/v2/mksclient/client.gen.go:1748.228,1750.5 1 0
github.com/selectel/mks-go/pkg/v2/mksclient/client.gen.go:1750.10,1750.67 1 0
github.com/selectel/mks-go/pkg/v2/mksclient/client.gen.go:1750.67,1752.5 1 0
github.com/selectel/mks-go/pkg/v2/mksclient/client.gen.go:1752.10,1753.30 1 0
github.com/selectel/mks-go/pkg/v2/mksclient/client.gen.go:1753.30,1754.27 1 0
github.com/selectel/mks-go/pkg/v2/mksclient/client.gen.go:1754.27,1756.7 1 0
github.com/selectel/mks-go/pkg/v2/mksclient/client.gen.go:1762.3,1762.43 1 0
github.com/selectel/mks-go/pkg/v2/mksclient/client.gen.go:1765.2,1766.16 2 0
github.com/selectel/mks-go/pkg/v2/mksclient/client.gen.go:1766.16,1768.3 1 0
github.com/selectel/mks-go/pkg/v2/mksclient/client.gen.go:1770.2,1770.17 1 0
github.com/selectel/mks-go/pkg/v2/mksclient/client.gen.go:1774.125,1780.16 4 0
github.com/selectel/mks-go/pkg/v2/mksclient/client.gen.go:1780.16,1782.3 1 0
github.com/selectel/mks-go/pkg/v2/mksclient/client.gen.go:1784.2,1787.16 3 0
github.com/selectel/mks-go/pkg/v2/mksclient/client.gen.go:1787.16,1789.3 1 0
github.com/selectel/mks-go/pkg/v2/mksclient/client.gen.go:1791.2,1792.16 2 0
github.com/selectel/mks-go/pkg/v2/mksclient/client.gen.go:1792.16,1794.3 1 0
github.com/selectel/mks-go/pkg/v2/mksclient/client.gen.go:1796.2,1797.29 2 0
github.com/selectel/mks-go/pkg/v2/mksclient/client.gen.go:1797.29,1799.3 1 0
github.com/selectel/mks-go/pkg/v2/mksclient/client.gen.go:1801.2,1802.16 2 0
github.com/selectel/mks-go/pkg/v2/mksclient/client.gen.go:1802.16,1804.3 1 0
github.com/selectel/mks-go/pkg/v2/mksclient/client.gen.go:1806.2,1806.19 1 0
github.com/selectel/mks-go/pkg/v2/mksclient/client.gen.go:1806.19,1809.37 2 0
github.com/selectel/mks-go/pkg/v2/mksclient/client.gen.go:1809.37,1811.228 1 0
github.com/selectel/mks-go/pkg/v2/mksclient/client.gen.go:1811.228,1813.5 1 0
github.com/selectel/mks-go/pkg/v2/mksclient/client.gen.go:1813.10,1813.67 1 0
github.com/selectel/mks-go/pkg/v2/mksclient/client.gen.go:1813.67,1815.5 1 0
github.com/selectel/mks-go/pkg/v2/mksclient/client.gen.go:1815.10,1816.30 1 0
github.com/selectel/mks-go/pkg/v2/mksclient/client.gen.go:1816.30,1817.27 1 0
github.com/selectel/mks-go/pkg/v2/mksclient/client.gen.go:1817.27,1819.7 1 0
github.com/selectel/mks-go/pkg/v2/mksclient/client.gen.go:1825.3,1825.43 1 0
github.com/selectel/mks-go/pkg/v2/mksclient/client.gen.go:1828.2,1829.16 2 0
github.com/selectel/mks-go/pkg/v2/mksclient/client.gen.go:1829.16,1831.3 1 0
github.com/selectel/mks-go/pkg/v2/mksclient/client.gen.go:1833.2,1833.17 1 0
github.com/selectel/mks-go/pkg/v2/mksclient/client.gen.go:1837.97,1843.16 4 0
github.com/selectel/mks-go/pkg/v2/mksclient/client.gen.go:1843.16,1845.3 1 0
github.com/selectel/mks-go/pkg/v2/mksclient/client.gen.go:1847.2,1848.16 2 0
github.com/selectel/mks-go/pkg/v2/mksclient/client.gen.go:1848.16,1850.3 1 0
github.com/selectel/mks-go/pkg/v2/mksclient/client.gen.go:1852.2,1853.29 2 0
github.com/selectel/mks-go/pkg/v2/mksclient/client.gen.go:1853.29,1855.3 1 0
github.com/selectel/mks-go/pkg/v2/mksclient/client.gen.go:1857.2,1858.16 2 0
github.com/selectel/mks-go/pkg/v2/mksclient/client.gen.go:1858.16,1860.3 1 0
github.com/selectel/mks-go/pkg/v2/mksclient/client.gen.go:1862.2,1863.16 2 0
github.com/selectel/mks-go/pkg/v2/mksclient/client.gen.go:1863.16,1865.3 1 0
github.com/selectel/mks-go/pkg/v2/mksclient/client.gen.go:1867.2,1867.17 1 0
github.com/selectel/mks-go/pkg/v2/mksclient/client.gen.go:1871.97,1877.16 4 0
github.com/selectel/mks-go/pkg/v2/mksclient/client.gen.go:1877.16,1879.3 1 0
github.com/selectel/mks-go/pkg/v2/mksclient/client.gen.go:1881.2,1882.16 2 0
github.com/selectel/mks-go/pkg/v2/mksclient/client.gen.go:1882.16,1884.3 1 0
github.com/selectel/mks-go/pkg/v2/mksclient/client.gen.go:1886.2,1887.29 2 0
github.com/selectel/mks-go/pkg/v2/mksclient/client.gen.go:1887.29,1889.3 1 0
github.com/selectel/mks-go/pkg/v2/mksclient/client.gen.go:1891.2,1892.16 2 0
github.com/selectel/mks-go/pkg/v2/mksclient/client.gen.go:1892.16,1894.3 1 0
github.com/selectel/mks-go/pkg/v2/mksclient/client.gen.go:1896.2,1897.16 2 0
github.com/selectel/mks-go/pkg/v2/mksclient/client.gen.go:1897.16,1899.3 1 0
github.com/selectel/mks-go/pkg/v2/mksclient/client.gen.go:1901.2,1901.17 1 0
github.com/selectel/mks-go/pkg/v2/mksclient/client.gen.go:1905.93,1909.16 3 0
github.com/selectel/mks-go/pkg/v2/mksclient/client.gen.go:1909.16,1911.3 1 0
github.com/selectel/mks-go/pkg/v2/mksclient/client.gen.go:1913.2,1914.29 2 0
github.com/selectel/mks-go/pkg/v2/mksclient/client.gen.go:1914.29,1916.3 1 0
github.com/selectel/mks-go/pkg/v2/mksclient/client.gen.go:1918.2,1919.16 2 0
github.com/selectel/mks-go/pkg/v2/mksclient/client.gen.go:1919.16,1921.3 1 0
github.com/selectel/mks-go/pkg/v2/mksclient/client.gen.go:1923.2,1923.19 1 0
github.com/selectel/mks-go/pkg/v2/mksclient/client.gen.go:1923.19,1926.32 2 0
github.com/selectel/mks-go/pkg/v2/mksclient/client.gen.go:1926.32,1928.216 1 0
github.com/selectel/mks-go/pkg/v2/mksclient/client.gen.go:1928.216,1930.5 1 0
github.com/selectel/mks-go/pkg/v2/mksclient/client.gen.go:1930.10,1930.67 1 0
github.com/selectel/mks-go/pkg/v2/mksclient/client.gen.go:1930.67,1932.5 1 0
github.com/selectel/mks-go/pkg/v2/mksclient/client.gen.go:1932.10,1933.30 1 0
github.com/selectel/mks-go/pkg/v2/mksclient/client.gen.go:1933.30,1934.27 1 0
github.com/selectel/mks-go/pkg/v2/mksclient/client.gen.go:1934.27,1936.7 1 0
github.com/selectel/mks-go/pkg/v2/mksclient/client.gen.go:1942.3,1942.43 1 0
github.com/selectel/mks-go/pkg/v2/mksclient/client.gen.go:1945.2,1946.16 2 0
github.com/selectel/mks-go/pkg/v2/mksclient/client.gen.go:1946.16,1948.3 1 0
github.com/selectel/mks-go/pkg/v2/mksclient/client.gen.go:1950.2,1950.17 1 0
github.com/selectel/mks-go/pkg/v2/mksclient/client.gen.go:1954.65,1958.16 3 0
github.com/selectel/mks-go/pkg/v2/mksclient/client.gen.go:1958.16,1960.3 1 0
github.com/selectel/mks-go/pkg/v2/mksclient/client.gen.go:1962.2,1963.29 2 0
github.com/selectel/mks-go/pkg/v2/mksclient/client.gen.go:1963.29,1965.3 1 0
github.com/selectel/mks-go/pkg/v2/mksclient/client.gen.go:1967.2,1968.16 2 0
github.com/selectel/mks-go/pkg/v2/mksclient/client.gen.go:1968.16,1970.3 1 0
github.com/selectel/mks-go/pkg/v2/mksclient/client.gen.go:1972.2,1973.16 2 0
github.com/selectel/mks-go/pkg/v2/mksclient/client.gen.go:1973.16,1975.3 1 0
github.com/selectel/mks-go/pkg/v2/mksclient/client.gen.go:1977.2,1977.17 1 0
github.com/selectel/mks-go/pkg/v2/mksclient/client.gen.go:1981.73,1985.16 3 0
github.com/selectel/mks-go/pkg/v2/mksclient/client.gen.go:1985.16,1987.3 1 0
github.com/selectel/mks-go/pkg/v2/mksclient/client.gen.go:1989.2,1990.29 2 0
github.com/selectel/mks-go/pkg/v2/mksclient/client.gen.go:1990.29,1992.3 1 0
github.com/selectel/mks-go/pkg/v2/mksclient/client.gen.go:1994.2,1995.16 2 0
github.com/selectel/mks-go/pkg/v2/mksclient/client.gen.go:1995.16,1997.3 1 0
github.com/selectel/mks-go/pkg/v2/mksclient/client.gen.go:1999.2,2000.16 2 0
github.com/selectel/mks-go/pkg/v2/mksclient/client.gen.go:2000.16,2002.3 1 0
github.com/selectel/mks-go/pkg/v2/mksclient/client.gen.go:2004.2,2004.17 1 0
github.com/selectel/mks-go/pkg/v2/mksclient/client.gen.go:2008.73,2012.16 3 0
github.com/selectel/mks-go/pkg/v2/mksclient/client.gen.go:2012.16,2014.3 1 0
github.com/selectel/mks-go/pkg/v2/mksclient/client.gen.go:2016.2,2017.29 2 0
github.com/selectel/mks-go/pkg/v2/mksclient/client.gen.go:2017.29,2019.3 1 0
github.com/selectel/mks-go/pkg/v2/mksclient/client.gen.go:2021.2,2022.16 2 0
github.com/selectel/mks-go/pkg/v2/mksclient/client.gen.go:2022.16,2024.3 1 0
github.com/selectel/mks-go/pkg/v2/mksclient/client.gen.go:2026.2,2027.16 2 0
github.com/selectel/mks-go/pkg/v2/mksclient/client.gen.go:2027.16,2029.3 1 0
github.com/selectel/mks-go/pkg/v2/mksclient/client.gen.go:2031.2,2031.17 1 0
github.com/selectel/mks-go/pkg/v2/mksclient/client.gen.go:2034.114,2035.37 1 0
github.com/selectel/mks-go/pkg/v2/mksclient/client.gen.go:2035.37,2036.37 1 0
github.com/selectel/mks-go/pkg/v2/mksclient/client.gen.go:2036.37,2038.4 1 0
github.com/selectel/mks-go/pkg/v2/mksclient/client.gen.go:2040.2,2040.38 1 0
github.com/selectel/mks-go/pkg/v2/mksclient/client.gen.go:2040.38,2041.37 1 0
github.com/selectel/mks-go/pkg/v2/mksclient/client.gen.go:2041.37,2043.4 1 0
github.com/selectel/mks-go/pkg/v2/mksclient/client.gen.go:2045.2,2045.12 1 0
github.com/selectel/mks-go/pkg/v2/mksclient/client.gen.go:2055.96,2057.16 2 0
github.com/selectel/mks-go/pkg/v2/mksclient/client.gen.go:2057.16,2059.3 1 0
github.com/selectel/mks-go/pkg/v2/mksclient/client.gen.go:2060.2,2060.42 1 0
github.com/selectel/mks-go/pkg/v2/mksclient/client.gen.go:2064.47,2065.31 1 0
github.com/selectel/mks-go/pkg/v2/mksclient/client.gen.go:2065.31,2067.17 2 0
github.com/selectel/mks-go/pkg/v2/mksclient/client.gen.go:2067.17,2069.4 1 0
github.com/selectel/mks-go/pkg/v2/mksclient/client.gen.go:2070.3,2071.13 2 0
github.com/selectel/mks-go/pkg/v2/mksclient/client.gen.go:2196.61,2197.27 1 0
github.com/selectel/mks-go/pkg/v2/mksclient/client.gen.go:2197.27,2199.3 1 0
github.com/selectel/mks-go/pkg/v2/mksclient/client.gen.go:2200.2,2200.27 1 0
github.com/selectel/mks-go/pkg/v2/mksclient/client.gen.go:2204.62,2205.27 1 0
github.com/selectel/mks-go/pkg/v2/mksclient/client.gen.go:2205.27,2207.3 1 0
github.com/selectel/mks-go/pkg/v2/mksclient/client.gen.go:2208.2,2208.10 1 0
github.com/selectel/mks-go/pkg/v2/mksclient/client.gen.go:2219.49,2220.27 1 0
github.com/selectel/mks-go/pkg/v2/mksclient/client.gen.go:2220.27,2222.3 1 0
github.com/selectel/mks-go/pkg/v2/mksclient/client.gen.go:2223.2,2223.27 1 0
github.com/selectel/mks-go/pkg/v2/mksclient/client.gen.go:2227.50,2228.27 1 0
github.com/selectel/mks-go/pkg/v2/mksclient/client.gen.go:2228.27,2230.3 1 0
github.com/selectel/mks-go/pkg/v2/mksclient/client.gen.go:2231.2,2231.10 1 0
github.com/selectel/mks-go/pkg/v2/mksclient/client.gen.go:2242.50,2243.27 1 0
github.com/selectel/mks-go/pkg/v2/mksclient/client.gen.go:2243.27,2245.3 1 0
github.com/selectel/mks-go/pkg/v2/mksclient/client.gen.go:2246.2,2246.27 1 0
github.com/selectel/mks-go/pkg/v2/mksclient/client.gen.go:2250.51,2251.27 1 0
github.com/selectel/mks-go/pkg/v2/mksclient/client.gen.go:2251.27,2253.3 1 0
github.com/selectel/mks-go/pkg/v2/mksclient/client.gen.go:2254.2,2254.10 1 0
github.com/selectel/mks-go/pkg/v2/mksclient/client.gen.go:2266.50,2267.27 1 0
github.com/selectel/mks-go/pkg/v2/mksclient/client.gen.go:2267.27,2269.3 1 0
github.com/selectel/mks-go/pkg/v2/mksclient/client.gen.go:2270.2,2270.27 1 0
github.com/selectel/mks-go/pkg/v2/mksclient/client.gen.go:2274.51,2275.27 1 0
github.com/selectel/mks-go/pkg/v2/mksclient/client.gen.go:2275.27,2277.3 1 0
github.com/selectel/mks-go/pkg/v2/mksclient/client.gen.go:2278.2,2278.10 1 0
github.com/selectel/mks-go/pkg/v2/mksclient/client.gen.go:2290.47,2291.27 1 0
github.com/selectel/mks-go/pkg/v2/mksclient/client.gen.go:2291.27,2293.3 1 0
github.com/selectel/mks-go/pkg/v2/mksclient/client.gen.go:2294.2,2294.27 1 0
github.com/selectel/mks-go/pkg/v2/mksclient/client.gen.go:2298.48,2299.27 1 0
github.com/selectel/mks-go/pkg/v2/mksclient/client.gen.go:2299.27,2301.3 1 0
github.com/selectel/mks-go/pkg/v2/mksclient/client.gen.go:2302.2,2302.10 1 0
github.com/selectel/mks-go/pkg/v2/mksclient/client.gen.go:2313.50,2314.27 1 0
github.com/selectel/mks-go/pkg/v2/mksclient/client.gen.go:2314.27,2316.3 1 0
github.com/selectel/mks-go/pkg/v2/mksclient/client.gen.go:2317.2,2317.27 1 0
github.com/selectel/mks-go/pkg/v2/mksclient/client.gen.go:2321.51,2322.27 1 0
github.com/selectel/mks-go/pkg/v2/mksclient/client.gen.go:2322.27,2324.3 1 0
github.com/selectel/mks-go/pkg/v2/mksclient/client.gen.go:2325.2,2325.10 1 0
github.com/selectel/mks-go/pkg/v2/mksclient/client.gen.go:2337.54,2338.27 1 0
github.com/selectel/mks-go/pkg/v2/mksclient/client.gen.go:2338.27,2340.3 1 0
github.com/selectel/mks-go/pkg/v2/mksclient/client.gen.go:2341.2,2341.27 1 0
github.com/selectel/mks-go/pkg/v2/mksclient/client.gen.go:2345.55,2346.27 1 0
github.com/selectel/mks-go/pkg/v2/mksclient/client.gen.go:2346.27,2348.3 1 0
github.com/selectel/mks-go/pkg/v2/mksclient/client.gen.go:2349.2,2349.10 1 0
github.com/selectel/mks-go/pkg/v2/mksclient/client.gen.go:2360.57,2361.27 1 0
github.com/selectel/mks-go/pkg/v2/mksclient/client.gen.go:2361.27,2363.3 1 0
github.com/selectel/mks-go/pkg/v2/mksclient/client.gen.go:2364.2,2364.27 1 0
github.com/selectel/mks-go/pkg/v2/mksclient/client.gen.go:2368.58,2369.27 1 0
github.com/selectel/mks-go/pkg/v2/mksclient/client.gen.go:2369.27,2371.3 1 0
github.com/selectel/mks-go/pkg/v2/mksclient/client.gen.go:2372.2,2372.10 1 0
github.com/selectel/mks-go/pkg/v2/mksclient/client.gen.go:2385.51,2386.27 1 0
github.com/selectel/mks-go/pkg/v2/mksclient/client.gen.go:2386.27,2388.3 1 0
github.com/selectel/mks-go/pkg/v2/mksclient/client.gen.go:2389.2,2389.27 1 0
github.com/selectel/mks-go/pkg/v2/mksclient/client.gen.go:2393.52,2394.27 1 0
github.com/selectel/mks-go/pkg/v2/mksclient/client.gen.go:2394.27,2396.3 1 0
github.com/selectel/mks-go/pkg/v2/mksclient/client.gen.go:2397.2,2397.10 1 0
github.com/selectel/mks-go/pkg/v2/mksclient/client.gen.go:2411.53,2412.27 1 0
github.com/selectel/mks-go/pkg/v2/mksclient/client.gen.go:2412.27,2414.3 1 0
github.com/selectel/mks-go/pkg/v2/mksclient/client.gen.go:2415.2,2415.27 1 0
github.com/selectel/mks-go/pkg/v2/mksclient/client.gen.go:2419.54,2420.27 1 0
github.com/selectel/mks-go/pkg/v2/mksclient/client.gen.go:2420.27,2422.3 1 0
github.com/selectel/mks-go/pkg/v2/mksclient/client.gen.go:2423.2,2423.10 1 0
github.com/selectel/mks-go/pkg/v2/mksclient/client.gen.go:2437.52,2438.27 1 0
github.com/selectel/mks-go/pkg/v2/mksclient/client.gen.go:2438.27,2440.3 1 0
github.com/selectel/mks-go/pkg/v2/mksclient/client.gen.go:2441.2,2441.27 1 0
github.com/selectel/mks-go/pkg/v2/mksclient/client.gen.go:2445.53,2446.27 1 0
github.com/selectel/mks-go/pkg/v2/mksclient/client.gen.go:2446.27,2448.3 1 0
github.com/selectel/mks-go/pkg/v2/mksclient/client.gen.go:2449.2,2449.10 1 0
github.com/selectel/mks-go/pkg/v2/mksclient/client.gen.go:2462.49,2463.27 1 0
github.com/selectel/mks-go/pkg/v2/mksclient/client.gen.go:2463.27,2465.3 1 0
github.com/selectel/mks-go/pkg/v2/mksclient/client.gen.go:2466.2,2466.27 1 0
github.com/selectel/mks-go/pkg/v2/mksclient/client.gen.go:2470.50,2471.27 1 0
github.com/selectel/mks-go/pkg/v2/mksclient/client.gen.go:2471.27,2473.3 1 0
github.com/selectel/mks-go/pkg/v2/mksclient/client.gen.go:2474.2,2474.10 1 0
github.com/selectel/mks-go/pkg/v2/mksclient/client.gen.go:2488.52,2489.27 1 0
github.com/selectel/mks-go/pkg/v2/mksclient/client.gen.go:2489.27,2491.3 1 0
github.com/selectel/mks-go/pkg/v2/mksclient/client.gen.go:2492.2,2492.27 1 0
github.com/selectel/mks-go/pkg/v2/mksclient/client.gen.go:2496.53,2497.27 1 0
github.com/selectel/mks-go/pkg/v2/mksclient/client.gen.go:2497.27,2499.3 1 0
github.com/selectel/mks-go/pkg/v2/mksclient/client.gen.go:2500.2,2500.10 1 0
github.com/selectel/mks-go/pkg/v2/mksclient/client.gen.go:2514.56,2515.27 1 0
github.com/selectel/mks-go/pkg/v2/mksclient/client.gen.go:2515.27,2517.3 1 0
github.com/selectel/mks-go/pkg/v2/mksclient/client.gen.go:2518.2,2518.27 1 0
github.com/selectel/mks-go/pkg/v2/mksclient/client.gen.go:2522.57,2523.27 1 0
github.com/selectel/mks-go/pkg/v2/mksclient/client.gen.go:2523.27,2525.3 1 0
github.com/selectel/mks-go/pkg/v2/mksclient/client.gen.go:2526.2,2526.10 1 0
github.com/selectel/mks-go/pkg/v2/mksclient/client.gen.go:2540.47,2541.27 1 0
github.com/selectel/mks-go/pkg/v2/mksclient/client.gen.go:2541.27,2543.3 1 0
github.com/selectel/mks-go/pkg/v2/mksclient/client.gen.go:2544.2,2544.27 1 0
github.com/selectel/mks-go/pkg/v2/mksclient/client.gen.go:2548.48,2549.27 1 0
github.com/selectel/mks-go/pkg/v2/mksclient/client.gen.go:2549.27,2551.3 1 0
github.com/selectel/mks-go/pkg/v2/mksclient/client.gen.go:2552.2,2552.10 1 0
github.com/selectel/mks-go/pkg/v2/mksclient/client.gen.go:2564.44,2565.27 1 0
github.com/selectel/mks-go/pkg/v2/mksclient/client.gen.go:2565.27,2567.3 1 0
github.com/selectel/mks-go/pkg/v2/mksclient/client.gen.go:2568.2,2568.27 1 0
github.com/selectel/mks-go/pkg/v2/mksclient/client.gen.go:2572.45,2573.27 1 0
github.com/selectel/mks-go/pkg/v2/mksclient/client.gen.go:2573.27,2575.3 1 0
github.com/selectel/mks-go/pkg/v2/mksclient/client.gen.go:2576.2,2576.10 1 0
github.com/selectel/mks-go/pkg/v2/mksclient/client.gen.go:2590.50,2591.27 1 0
github.com/selectel/mks-go/pkg/v2/mksclient/client.gen.go:2591.27,2593.3 1 0
github.com/selectel/mks-go/pkg/v2/mksclient/client.gen.go:2594.2,2594.27 1 0
github.com/selectel/mks-go/pkg/v2/mksclient/client.gen.go:2598.51,2599.27 1 0
github.com/selectel/mks-go/pkg/v2/mksclient/client.gen.go:2599.27,2601.3 1 0
github.com/selectel/mks-go/pkg/v2/mksclient/client.gen.go:2602.2,2602.10 1 0
github.com/selectel/mks-go/pkg/v2/mksclient/client.gen.go:2616.52,2617.27 1 0
github.com/selectel/mks-go/pkg/v2/mksclient/client.gen.go:2617.27,2619.3 1 0
github.com/selectel/mks-go/pkg/v2/mksclient/client.gen.go:2620.2,2620.27 1 0
github.com/selectel/mks-go/pkg/v2/mksclient/client.gen.go:2624.53,2625.27 1 0
github.com/selectel/mks-go/pkg/v2/mksclient/client.gen.go:2625.27,2627.3 1 0
github.com/selectel/mks-go/pkg/v2/mksclient/client.gen.go:2628.2,2628.10 1 0
github.com/selectel/mks-go/pkg/v2/mksclient/client.gen.go:2641.53,2642.27 1 0
github.com/selectel/mks-go/pkg/v2/mksclient/client.gen.go:2642.27,2644.3 1 0
github.com/selectel/mks-go/pkg/v2/mksclient/client.gen.go:2645.2,2645.27 1 0
github.com/selectel/mks-go/pkg/v2/mksclient/client.gen.go:2649.54,2650.27 1 0
github.com/selectel/mks-go/pkg/v2/mksclient/client.gen.go:2650.27,2652.3 1 0
github.com/selectel/mks-go/pkg/v2/mksclient/client.gen.go:2653.2,2653.10 1 0
github.com/selectel/mks-go/pkg/v2/mksclient/client.gen.go:2666.50,2667.27 1 0
github.com/selectel/mks-go/pkg/v2/mksclient/client.gen.go:2667.27,2669.3 1 0
github.com/selectel/mks-go/pkg/v2/mksclient/client.gen.go:2670.2,2670.27 1 0
github.com/selectel/mks-go/pkg/v2/mksclient/client.gen.go:2674.51,2675.27 1 0
github.com/selectel/mks-go/pkg/v2/mksclient/client.gen.go:2675.27,2677.3 1 0
github.com/selectel/mks-go/pkg/v2/mksclient/client.gen.go:2678.2,2678.10 1 0
github.com/selectel/mks-go/pkg/v2/mksclient/client.gen.go:2691.53,2692.27 1 0
github.com/selectel/mks-go/pkg/v2/mksclient/client.gen.go:2692.27,2694.3 1 0
github.com/selectel/mks-go/pkg/v2/mksclient/client.gen.go:2695.2,2695.27 1 0
github.com/selectel/mks-go/pkg/v2/mksclient/client.gen.go:2699.54,2700.27 1 0
github.com/selectel/mks-go/pkg/v2/mksclient/client.gen.go:2700.27,2702.3 1 0
github.com/selectel/mks-go/pkg/v2/mksclient/client.gen.go:2703.2,2703.10 1 0
github.com/selectel/mks-go/pkg/v2/mksclient/client.gen.go:2716.53,2717.27 1 0
github.com/selectel/mks-go/pkg/v2/mksclient/client.gen.go:2717.27,2719.3 1 0
github.com/selectel/mks-go/pkg/v2/mksclient/client.gen.go:2720.2,2720.27 1 0
github.com/selectel/mks-go/pkg/v2/mksclient/client.gen.go:2724.54,2725.27 1 0
github.com/selectel/mks-go/pkg/v2/mksclient/client.gen.go:2725.27,2727.3 1 0
github.com/selectel/mks-go/pkg/v2/mksclient/client.gen.go:2728.2,2728.10 1 0
github.com/selectel/mks-go/pkg/v2/mksclient/client.gen.go:2741.51,2742.27 1 0
github.com/selectel/mks-go/pkg/v2/mksclient/client.gen.go:2742.27,2744.3 1 0
github.com/selectel/mks-go/pkg/v2/mksclient/client.gen.go:2745.2,2745.27 1 0
github.com/selectel/mks-go/pkg/v2/mksclient/client.gen.go:2749.52,2750.27 1 0
github.com/selectel/mks-go/pkg/v2/mksclient/client.gen.go:2750.27,2752.3 1 0
github.com/selectel/mks-go/pkg/v2/mksclient/client.gen.go:2753.2,2753.10 1 0
github.com/selectel/mks-go/pkg/v2/mksclient/client.gen.go:2765.55,2766.27 1 0
github.com/selectel/mks-go/pkg/v2/mksclient/client.gen.go:2766.27,2768.3 1 0
github.com/selectel/mks-go/pkg/v2/mksclient/client.gen.go:2769.2,2769.27 1 0
github.com/selectel/mks-go/pkg/v2/mksclient/client.gen.go:2773.56,2774.27 1 0
github.com/selectel/mks-go/pkg/v2/mksclient/client.gen.go:2774.27,2776.3 1 0
github.com/selectel/mks-go/pkg/v2/mksclient/client.gen.go:2777.2,2777.10 1 0
github.com/selectel/mks-go/pkg/v2/mksclient/client.gen.go:2789.46,2790.27 1 0
github.com/selectel/mks-go/pkg/v2/mksclient/client.gen.go:2790.27,2792.3 1 0
github.com/selectel/mks-go/pkg/v2/mksclient/client.gen.go:2793.2,2793.27 1 0
github.com/selectel/mks-go/pkg/v2/mksclient/client.gen.go:2797.47,2798.27 1 0
github.com/selectel/mks-go/pkg/v2/mksclient/client.gen.go:2798.27,2800.3 1 0
github.com/selectel/mks-go/pkg/v2/mksclient/client.gen.go:2801.2,2801.10 1 0
github.com/selectel/mks-go/pkg/v2/mksclient/client.gen.go:2813.44,2814.27 1 0
github.com/selectel/mks-go/pkg/v2/mksclient/client.gen.go:2814.27,2816.3 1 0
github.com/selectel/mks-go/pkg/v2/mksclient/client.gen.go:2817.2,2817.27 1 0
github.com/selectel/mks-go/pkg/v2/mksclient/client.gen.go:2821.45,2822.27 1 0
github.com/selectel/mks-go/pkg/v2/mksclient/client.gen.go:2822.27,2824.3 1 0
github.com/selectel/mks-go/pkg/v2/mksclient/client.gen.go:2825.2,2825.10 1 0
github.com/selectel/mks-go/pkg/v2/mksclient/client.gen.go:2837.56,2838.27 1 0
github.com/selectel/mks-go/pkg/v2/mksclient/client.gen.go:2838.27,2840.3 1 0
github.com/selectel/mks-go/pkg/v2/mksclient/client.gen.go:2841.2,2841.27 1 0
github.com/selectel/mks-go/pkg/v2/mksclient/client.gen.go:2845.57,2846.27 1 0
github.com/selectel/mks-go/pkg/v2/mksclient/client.gen.go:2846.27,2848.3 1 0
github.com/selectel/mks-go/pkg/v2/mksclient/client.gen.go:2849.2,2849.10 1 0
github.com/selectel/mks-go/pkg/v2/mksclient/client.gen.go:2861.56,2862.27 1 0
github.com/selectel/mks-go/pkg/v2/mksclient/client.gen.go:2862.27,2864.3 1 0
github.com/selectel/mks-go/pkg/v2/mksclient/client.gen.go:2865.2,2865.27 1 0
github.com/selectel/mks-go/pkg/v2/mksclient/client.gen.go:2869.57,2870.27 1 0
github.com/selectel/mks-go/pkg/v2/mksclient/client.gen.go:2870.27,2872.3 1 0
github.com/selectel/mks-go/pkg/v2/mksclient/client.gen.go:2873.2,2873.10 1 0
github.com/selectel/mks-go/pkg/v2/mksclient/client.gen.go:2884.46,2885.27 1 0
github.com/selectel/mks-go/pkg/v2/mksclient/client.gen.go:2885.27,2887.3 1 0
github.com/selectel/mks-go/pkg/v2/mksclient/client.gen.go:2888.2,2888.27 1 0
github.com/selectel/mks-go/pkg/v2/mksclient/client.gen.go:2892.47,2893.27 1 0
github.com/selectel/mks-go/pkg/v2/mksclient/client.gen.go:2893.27,2895.3 1 0
github.com/selectel/mks-go/pkg/v2/mksclient/client.gen.go:2896.2,2896.10 1 0
github.com/selectel/mks-go/pkg/v2/mksclient/client.gen.go:2907.45,2908.27 1 0
github.com/selectel/mks-go/pkg/v2/mksclient/client.gen.go:2908.27,2910.3 1 0
github.com/selectel/mks-go/pkg/v2/mksclient/client.gen.go:2911.2,2911.27 1 0
github.com/selectel/mks-go/pkg/v2/mksclient/client.gen.go:2915.46,2916.27 1 0
github.com/selectel/mks-go/pkg/v2/mksclient/client.gen.go:2916.27,2918.3 1 0
github.com/selectel/mks-go/pkg/v2/mksclient/client.gen.go:2919.2,2919.10 1 0
github.com/selectel/mks-go/pkg/v2/mksclient/client.gen.go:2930.53,2931.27 1 0
github.com/selectel/mks-go/pkg/v2/mksclient/client.gen.go:2931.27,2933.3 1 0
github.com/selectel/mks-go/pkg/v2/mksclient/client.gen.go:2934.2,2934.27 1 0
github.com/selectel/mks-go/pkg/v2/mksclient/client.gen.go:2938.54,2939.27 1 0
github.com/selectel/mks-go/pkg/v2/mksclient/client.gen.go:2939.27,2941.3 1 0
github.com/selectel/mks-go/pkg/v2/mksclient/client.gen.go:2942.2,2942.10 1 0
github.com/selectel/mks-go/pkg/v2/mksclient/client.gen.go:2953.53,2954.27 1 0
github.com/selectel/mks-go/pkg/v2/mksclient/client.gen.go:2954.27,2956.3 1 0
github.com/selectel/mks-go/pkg/v2/mksclient/client.gen.go:2957.2,2957.27 1 0
github.com/selectel/mks-go/pkg/v2/mksclient/client.gen.go:2961.54,2962.27 1 0
github.com/selectel/mks-go/pkg/v2/mksclient/client.gen.go:2962.27,2964.3 1 0
github.com/selectel/mks-go/pkg/v2/mksclient/client.gen.go:2965.2,2965.10 1 0
github.com/selectel/mks-go/pkg/v2/mksclient/client.gen.go:2969.167,2971.16 2 0
github.com/selectel/mks-go/pkg/v2/mksclient/client.gen.go:2971.16,2973.3 1 0
github.com/selectel/mks-go/pkg/v2/mksclient/client.gen.go:2974.2,2974.53 1 0
github.com/selectel/mks-go/pkg/v2/mksclient/client.gen.go:2978.143,2980.16 2 0
github.com/selectel/mks-go/pkg/v2/mksclient/client.gen.go:2980.16,2982.3 1 0
github.com/selectel/mks-go/pkg/v2/mksclient/client.gen.go:2983.2,2983.41 1 0
github.com/selectel/mks-go/pkg/v2/mksclient/client.gen.go:2987.189,2989.16 2 0
github.com/selectel/mks-go/pkg/v2/mksclient/client.gen.go:2989.16,2991.3 1 0
github.com/selectel/mks-go/pkg/v2/mksclient/client.gen.go:2992.2,2992.42 1 0
github.com/selectel/mks-go/pkg/v2/mksclient/client.gen.go:2995.182,2997.16 2 0
github.com/selectel/mks-go/pkg/v2/mksclient/client.gen.go:2997.16,2999.3 1 0
github.com/selectel/mks-go/pkg/v2/mksclient/client.gen.go:3000.2,3000.42 1 0
github.com/selectel/mks-go/pkg/v2/mksclient/client.gen.go:3004.166,3006.16 2 0
github.com/selectel/mks-go/pkg/v2/mksclient/client.gen.go:3006.16,3008.3 1 0
github.com/selectel/mks-go/pkg/v2/mksclient/client.gen.go:3009.2,3009.42 1 0
github.com/selectel/mks-go/pkg/v2/mksclient/client.gen.go:3013.160,3015.16 2 0
github.com/selectel/mks-go/pkg/v2/mksclient/client.gen.go:3015.16,3017.3 1 0
github.com/selectel/mks-go/pkg/v2/mksclient/client.gen.go:3018.2,3018.39 1 0
github.com/selectel/mks-go/pkg/v2/mksclient/client.gen.go:3022.210,3024.16 2 0
github.com/selectel/mks-go/pkg/v2/mksclient/client.gen.go:3024.16,3026.3 1 0
github.com/selectel/mks-go/pkg/v2/mksclient/client.gen.go:3027.2,3027.42 1 0
github.com/selectel/mks-go/pkg/v2/mksclient/client.gen.go:3030.203,3032.16 2 0
github.com/selectel/mks-go/pkg/v2/mksclient/client.gen.go:3032.16,3034.3 1 0
github.com/selectel/mks-go/pkg/v2/mksclient/client.gen.go:3035.2,3035.42 1 0
github.com/selectel/mks-go/pkg/v2/mksclient/client.gen.go:3039.209,3041.16 2 0
github.com/selectel/mks-go/pkg/v2/mksclient/client.gen.go:3041.16,3043.3 1 0
github.com/selectel/mks-go/pkg/v2/mksclient/client.gen.go:3044.2,3044.46 1 0
github.com/selectel/mks-go/pkg/v2/mksclient/client.gen.go:3048.180,3050.16 2 0
github.com/selectel/mks-go/pkg/v2/mksclient/client.gen.go:3050.16,3052.3 1 0
github.com/selectel/mks-go/pkg/v2/mksclient/client.gen.go:3053.2,3053.49 1 0
github.com/selectel/mks-go/pkg/v2/mksclient/client.gen.go:3057.168,3059.16 2 0
github.com/selectel/mks-go/pkg/v2/mksclient/client.gen.go:3059.16,3061.3 1 0
github.com/selectel/mks-go/pkg/v2/mksclient/client.gen.go:3062.2,3062.43 1 0
github.com/selectel/mks-go/pkg/v2/mksclient/client.gen.go:3066.216,3068.16 2 0
github.com/selectel/mks-go/pkg/v2/mksclient/client.gen.go:3068.16,3070.3 1 0
github.com/selectel/mks-go/pkg/v2/mksclient/client.gen.go:3071.2,3071.45 1 0
github.com/selectel/mks-go/pkg/v2/mksclient/client.gen.go:3074.212,3076.16 2 0
github.com/selectel/mks-go/pkg/v2/mksclient/client.gen.go:3076.16,3078.3 1 0
github.com/selectel/mks-go/pkg/v2/mksclient/client.gen.go:3079.2,3079.45 1 0
github.com/selectel/mks-go/pkg/v2/mksclient/client.gen.go:3083.195,3085.16 2 0
github.com/selectel/mks-go/pkg/v2/mksclient/client.gen.go:3085.16,3087.3 1 0
github.com/selectel/mks-go/pkg/v2/mksclient/client.gen.go:3088.2,3088.44 1 0
github.com/selectel/mks-go/pkg/v2/mksclient/client.gen.go:3092.189,3094.16 2 0
github.com/selectel/mks-go/pkg/v2/mksclient/client.gen.go:3094.16,3096.3 1 0
github.com/selectel/mks-go/pkg/v2/mksclient/client.gen.go:3097.2,3097.41 1 0
github.com/selectel/mks-go/pkg/v2/mksclient/client.gen.go:3101.239,3103.16 2 0
github.com/selectel/mks-go/pkg/v2/mksclient/client.gen.go:3103.16,3105.3 1 0
github.com/selectel/mks-go/pkg/v2/mksclient/client.gen.go:3106.2,3106.44 1 0
github.com/selectel/mks-go/pkg/v2/mksclient/client.gen.go:3109.234,3111.16 2 0
github.com/selectel/mks-go/pkg/v2/mksclient/client.gen.go:3111.16,3113.3 1 0
github.com/selectel/mks-go/pkg/v2/mksclient/client.gen.go:3114.2,3114.44 1 0
github.com/selectel/mks-go/pkg/v2/mksclient/client.gen.go:3118.240,3120.16 2 0
github.com/selectel/mks-go/pkg/v2/mksclient/client.gen.go:3120.16,3122.3 1 0
github.com/selectel/mks-go/pkg/v2/mksclient/client.gen.go:3123.2,3123.48 1 0
github.com/selectel/mks-go/pkg/v2/mksclient/client.gen.go:3127.200,3129.16 2 0
github.com/selectel/mks-go/pkg/v2/mksclient/client.gen.go:3129.16,3131.3 1 0
github.com/selectel/mks-go/pkg/v2/mksclient/client.gen.go:3132.2,3132.39 1 0
github.com/selectel/mks-go/pkg/v2/mksclient/client.gen.go:3136.194,3138.16 2 0
github.com/selectel/mks-go/pkg/v2/mksclient/client.gen.go:3138.16,3140.3 1 0
github.com/selectel/mks-go/pkg/v2/mksclient/client.gen.go:3141.2,3141.36 1 0
github.com/selectel/mks-go/pkg/v2/mksclient/client.gen.go:3145.206,3147.16 2 0
github.com/selectel/mks-go/pkg/v2/mksclient/client.gen.go:3147.16,3149.3 1 0
github.com/selectel/mks-go/pkg/v2/mksclient/client.gen.go:3150.2,3150.42 1 0
github.com/selectel/mks-go/pkg/v2/mksclient/client.gen.go:3154.239,3156.16 2 0
github.com/selectel/mks-go/pkg/v2/mksclient/client.gen.go:3156.16,3158.3 1 0
github.com/selectel/mks-go/pkg/v2/mksclient/client.gen.go:3159.2,3159.44 1 0
github.com/selectel/mks-go/pkg/v2/mksclient/client.gen.go:3162.234,3164.16 2 0
github.com/selectel/mks-go/pkg/v2/mksclient/client.gen.go:3164.16,3166.3 1 0
github.com/selectel/mks-go/pkg/v2/mksclient/client.gen.go:3167.2,3167.44 1 0
github.com/selectel/mks-go/pkg/v2/mksclient/client.gen.go:3171.172,3173.16 2 0
github.com/selectel/mks-go/pkg/v2/mksclient/client.gen.go:3173.16,3175.3 1 0
github.com/selectel/mks-go/pkg/v2/mksclient/client.gen.go:3176.2,3176.45 1 0
github.com/selectel/mks-go/pkg/v2/mksclient/client.gen.go:3180.166,3182.16 2 0
github.com/selectel/mks-go/pkg/v2/mksclient/client.gen.go:3182.16,3184.3 1 0
github.com/selectel/mks-go/pkg/v2/mksclient/client.gen.go:3185.2,3185.42 1 0
github.com/selectel/mks-go/pkg/v2/mksclient/client.gen.go:3189.216,3191.16 2 0
github.com/selectel/mks-go/pkg/v2/mksclient/client.gen.go:3191.16,3193.3 1 0
github.com/selectel/mks-go/pkg/v2/mksclient/client.gen.go:3194.2,3194.45 1 0
github.com/selectel/mks-go/pkg/v2/mksclient/client.gen.go:3197.212,3199.16 2 0
github.com/selectel/mks-go/pkg/v2/mksclient/client.gen.go:3199.16,3201.3 1 0
github.com/selectel/mks-go/pkg/v2/mksclient/client.gen.go:3202.2,3202.45 1 0
github.com/selectel/mks-go/pkg/v2/mksclient/client.gen.go:3206.216,3208.16 2 0
github.com/selectel/mks-go/pkg/v2/mksclient/client.gen.go:3208.16,3210.3 1 0
github.com/selectel/mks-go/pkg/v2/mksclient/client.gen.go:3211.2,3211.45 1 0
github.com/selectel/mks-go/pkg/v2/mksclient/client.gen.go:3214.212,3216.16 2 0
github.com/selectel/mks-go/pkg/v2/mksclient/client.gen.go:3216.16,3218.3 1 0
github.com/selectel/mks-go/pkg/v2/mksclient/client.gen.go:3219.2,3219.45 1 0
github.com/selectel/mks-go/pkg/v2/mksclient/client.gen.go:3223.191,3225.16 2 0
github.com/selectel/mks-go/pkg/v2/mksclient/client.gen.go:3225.16,3227.3 1 0
github.com/selectel/mks-go/pkg/v2/mksclient/client.gen.go:3228.2,3228.43 1 0
github.com/selectel/mks-go/pkg/v2/mksclient/client.gen.go:3232.176,3234.16 2 0
github.com/selectel/mks-go/pkg/v2/mksclient/client.gen.go:3234.16,3236.3 1 0
github.com/selectel/mks-go/pkg/v2/mksclient/client.gen.go:3237.2,3237.47 1 0
github.com/selectel/mks-go/pkg/v2/mksclient/client.gen.go:3241.185,3243.16 2 0
github.com/selectel/mks-go/pkg/v2/mksclient/client.gen.go:3243.16,3245.3 1 0
github.com/selectel/mks-go/pkg/v2/mksclient/client.gen.go:3246.2,3246.38 1 0
github.com/selectel/mks-go/pkg/v2/mksclient/client.gen.go:3250.194,3252.16 2 0
github.com/selectel/mks-go/pkg/v2/mksclient/client.gen.go:3252.16,3254.3 1 0
github.com/selectel/mks-go/pkg/v2/mksclient/client.gen.go:3255.2,3255.36 1 0
github.com/selectel/mks-go/pkg/v2/mksclient/client.gen.go:3259.178,3261.16 2 0
github.com/selectel/mks-go/pkg/v2/mksclient/client.gen.go:3261.16,3263.3 1 0
github.com/selectel/mks-go/pkg/v2/mksclient/client.gen.go:3264.2,3264.48 1 0
github.com/selectel/mks-go/pkg/v2/mksclient/client.gen.go:3268.178,3270.16 2 0
github.com/selectel/mks-go/pkg/v2/mksclient/client.gen.go:3270.16,3272.3 1 0
github.com/selectel/mks-go/pkg/v2/mksclient/client.gen.go:3273.2,3273.48 1 0
github.com/selectel/mks-go/pkg/v2/mksclient/client.gen.go:3277.164,3279.16 2 0
github.com/selectel/mks-go/pkg/v2/mksclient/client.gen.go:3279.16,3281.3 1 0
github.com/selectel/mks-go/pkg/v2/mksclient/client.gen.go:3282.2,3282.38 1 0
github.com/selectel/mks-go/pkg/v2/mksclient/client.gen.go:3286.135,3288.16 2 0
github.com/selectel/mks-go/pkg/v2/mksclient/client.gen.go:3288.16,3290.3 1 0
github.com/selectel/mks-go/pkg/v2/mksclient/client.gen.go:3291.2,3291.37 1 0
github.com/selectel/mks-go/pkg/v2/mksclient/client.gen.go:3295.151,3297.16 2 0
github.com/selectel/mks-go/pkg/v2/mksclient/client.gen.go:3297.16,3299.3 1 0
github.com/selectel/mks-go/pkg/v2/mksclient/client.gen.go:3300.2,3300.45 1 0
github.com/selectel/mks-go/pkg/v2/mksclient/client.gen.go:3304.151,3306.16 2 0
github.com/selectel/mks-go/pkg/v2/mksclient/client.gen.go:3306.16,3308.3 1 0
github.com/selectel/mks-go/pkg/v2/mksclient/client.gen.go:3309.2,3309.45 1 0
github.com/selectel/mks-go/pkg/v2/mksclient/client.gen.go:3313.111,3315.15 2 0
github.com/selectel/mks-go/pkg/v2/mksclient/client.gen.go:3315.15,3315.39 1 0
github.com/selectel/mks-go/pkg/v2/mksclient/client.gen.go:3316.2,3316.16 1 0
github.com/selectel/mks-go/pkg/v2/mksclient/client.gen.go:3316.16,3318.3 1 0
github.com/selectel/mks-go/pkg/v2/mksclient/client.gen.go:3320.2,3325.9 2 0
github.com/selectel/mks-go/pkg/v2/mksclient/client.gen.go:3326.89,3328.58 2 0
github.com/selectel/mks-go/pkg/v2/mksclient/client.gen.go:3328.58,3330.4 1 0
github.com/selectel/mks-go/pkg/v2/mksclient/client.gen.go:3331.3,3331.27 1 0
github.com/selectel/mks-go/pkg/v2/mksclient/client.gen.go:3333.89,3335.58 2 0
github.com/selectel/mks-go/pkg/v2/mksclient/client.gen.go:3335.58,3337.4 1 0
github.com/selectel/mks-go/pkg/v2/mksclient/client.gen.go:3338.3,3338.27 1 0
github.com/selectel/mks-go/pkg/v2/mksclient/client.gen.go:3342.2,3342.22 1 0
github.com/selectel/mks-go/pkg/v2/mksclient/client.gen.go:3346.87,3348.15 2 0
github.com/selectel/mks-go/pkg/v2/mksclient/client.gen.go:3348.15,3348.39 1 0
github.com/selectel/mks-go/pkg/v2/mksclient/client.gen.go:3349.2,3349.16 1 0
github.com/selectel/mks-go/pkg/v2/mksclient/client.gen.go:3349.16,3351.3 1 0
github.com/selectel/mks-go/pkg/v2/mksclient/client.gen.go:3353.2,3358.9 2 0
github.com/selectel/mks-go/pkg/v2/mksclient/client.gen.go:3359.89,3361.58 2 0
github.com/selectel/mks-go/pkg/v2/mksclient/client.gen.go:3361.58,3363.4 1 0
github.com/selectel/mks-go/pkg/v2/mksclient/client.gen.go:3364.3,3364.27 1 0
github.com/selectel/mks-go/pkg/v2/mksclient/client.gen.go:3366.89,3368.58 2 0
github.com/selectel/mks-go/pkg/v2/mksclient/client.gen.go:3368.58,3370.4 1 0
github.com/selectel/mks-go/pkg/v2/mksclient/client.gen.go:3371.3,3371.27 1 0
github.com/selectel/mks-go/pkg/v2/mksclient/client.gen.go:3375.2,3375.22 1 0
github.com/selectel/mks-go/pkg/v2/mksclient/client.gen.go:3379.89,3381.15 2 0
github.com/selectel/mks-go/pkg/v2/mksclient/client.gen.go:3381.15,3381.39 1 0
github.com/selectel/mks-go/pkg/v2/mksclient/client.gen.go:3382.2,3382.16 1 0
github.com/selectel/mks-go/pkg/v2/mksclient/client.gen.go:3382.16,3384.3 1 0
github.com/selectel/mks-go/pkg/v2/mksclient/client.gen.go:3386.2,3391.9 2 0
github.com/selectel/mks-go/pkg/v2/mksclient/client.gen.go:3392.89,3394.58 2 0
github.com/selectel/mks-go/pkg/v2/mksclient/client.gen.go:3394.58,3396.4 1 0
github.com/selectel/mks-go/pkg/v2/mksclient/client.gen.go:3397.3,3397.27 1 0
github.com/selectel/mks-go/pkg/v2/mksclient/client.gen.go:3399.89,3401.58 2 0
github.com/selectel/mks-go/pkg/v2/mksclient/client.gen.go:3401.58,3403.4 1 0
github.com/selectel/mks-go/pkg/v2/mksclient/client.gen.go:3404.3,3404.27 1 0
github.com/selectel/mks-go/pkg/v2/mksclient/client.gen.go:3408.2,3408.22 1 0
github.com/selectel/mks-go/pkg/v2/mksclient/client.gen.go:3412.89,3414.15 2 0
github.com/selectel/mks-go/pkg/v2/mksclient/client.gen.go:3414.15,3414.39 1 0
github.com/selectel/mks-go/pkg/v2/mksclient/client.gen.go:3415.2,3415.16 1 0
github.com/selectel/mks-go/pkg/v2/mksclient/client.gen.go:3415.16,3417.3 1 0
github.com/selectel/mks-go/pkg/v2/mksclient/client.gen.go:3419.2,3424.9 2 0
github.com/selectel/mks-go/pkg/v2/mksclient/client.gen.go:3425.89,3427.58 2 0
github.com/selectel/mks-go/pkg/v2/mksclient/client.gen.go:3427.58,3429.4 1 0
github.com/selectel/mks-go/pkg/v2/mksclient/client.gen.go:3430.3,3430.27 1 0
github.com/selectel/mks-go/pkg/v2/mksclient/client.gen.go:3432.89,3434.58 2 0
github.com/selectel/mks-go/pkg/v2/mksclient/client.gen.go:3434.58,3436.4 1 0
github.com/selectel/mks-go/pkg/v2/mksclient/client.gen.go:3437.3,3437.27 1 0
github.com/selectel/mks-go/pkg/v2/mksclient/client.gen.go:3439.89,3441.58 2 0
github.com/selectel/mks-go/pkg/v2/mksclient/client.gen.go:3441.58,3443.4 1 0
github.com/selectel/mks-go/pkg/v2/mksclient/client.gen.go:3444.3,3444.27 1 0
github.com/selectel/mks-go/pkg/v2/mksclient/client.gen.go:3448.2,3448.22 1 0
github.com/selectel/mks-go/pkg/v2/mksclient/client.gen.go:3452.83,3454.15 2 0
github.com/selectel/mks-go/pkg/v2/mksclient/client.gen.go:3454.15,3454.39 1 0
github.com/selectel/mks-go/pkg/v2/mksclient/client.gen.go:3455.2,3455.16 1 0
github.com/selectel/mks-go/pkg/v2/mksclient/client.gen.go:3455.16,3457.3 1 0
github.com/selectel/mks-go/pkg/v2/mksclient/client.gen.go:3459.2,3464.9 2 0
github.com/selectel/mks-go/pkg/v2/mksclient/client.gen.go:3465.89,3467.58 2 0
github.com/selectel/mks-go/pkg/v2/mksclient/client.gen.go:3467.58,3469.4 1 0
github.com/selectel/mks-go/pkg/v2/mksclient/client.gen.go:3470.3,3470.27 1 0
github.com/selectel/mks-go/pkg/v2/mksclient/client.gen.go:3472.89,3474.58 2 0
github.com/selectel/mks-go/pkg/v2/mksclient/client.gen.go:3474.58,3476.4 1 0
[...]
github.com/selectel/mks-go/pkg/v2/mksclient/mocks/mock_ClientWithResponsesInterface.go:2471.40,2473.30 2 0
github.com/selectel/mks-go/pkg/v2/mksclient/mocks/mock_ClientWithResponsesInterface.go:2473.30,2474.16 1 0
github.com/selectel/mks-go/pkg/v2/mksclient/mocks/mock_ClientWithResponsesInterface.go:2474.16,2476.5 1 0
github.com/selectel/mks-go/pkg/v2/mksclient/mocks/mock_ClientWithResponsesInterface.go:2478.3,2478.133 1 0
github.com/selectel/mks-go/pkg/v2/mksclient/mocks/mock_ClientWithResponsesInterface.go:2480.2,2480.11 1 0
github.com/selectel/mks-go/pkg/v2/mksclient/mocks/mock_ClientWithResponsesInterface.go:2483.203,2486.2 2 0
github.com/selectel/mks-go/pkg/v2/mksclient/mocks/mock_ClientWithResponsesInterface.go:2488.322,2491.2 2 0
github.com/selectel/mks-go/pkg/v2/mksclient/mocks/mock_ClientWithResponsesInterface.go:2494.293,2496.29 2 0
github.com/selectel/mks-go/pkg/v2/mksclient/mocks/mock_ClientWithResponsesInterface.go:2496.29,2498.3 1 0
github.com/selectel/mks-go/pkg/v2/mksclient/mocks/mock_ClientWithResponsesInterface.go:2499.2,2504.19 5 0
github.com/selectel/mks-go/pkg/v2/mksclient/mocks/mock_ClientWithResponsesInterface.go:2504.19,2505.79 1 0
github.com/selectel/mks-go/pkg/v2/mksclient/mocks/mock_ClientWithResponsesInterface.go:2508.2,2510.193 3 0
github.com/selectel/mks-go/pkg/v2/mksclient/mocks/mock_ClientWithResponsesInterface.go:2510.193,2512.3 1 0
github.com/selectel/mks-go/pkg/v2/mksclient/mocks/mock_ClientWithResponsesInterface.go:2513.2,2513.184 1 0
github.com/selectel/mks-go/pkg/v2/mksclient/mocks/mock_ClientWithResponsesInterface.go:2513.184,2515.3 1 0
github.com/selectel/mks-go/pkg/v2/mksclient/mocks/mock_ClientWithResponsesInterface.go:2515.8,2516.24 1 0
github.com/selectel/mks-go/pkg/v2/mksclient/mocks/mock_ClientWithResponsesInterface.go:2516.24,2518.4 1 0
github.com/selectel/mks-go/pkg/v2/mksclient/mocks/mock_ClientWithResponsesInterface.go:2521.2,2521.153 1 0
github.com/selectel/mks-go/pkg/v2/mksclient/mocks/mock_ClientWithResponsesInterface.go:2521.153,2523.3 1 0
github.com/selectel/mks-go/pkg/v2/mksclient/mocks/mock_ClientWithResponsesInterface.go:2523.8,2525.3 1 0
github.com/selectel/mks-go/pkg/v2/mksclient/mocks/mock_ClientWithResponsesInterface.go:2527.2,2527.15 1 0
github.com/selectel/mks-go/pkg/v2/mksclient/mocks/mock_ClientWithResponsesInterface.go:2542.304,2545.2 1 0
github.com/selectel/mks-go/pkg/v2/mksclient/mocks/mock_ClientWithResponsesInterface.go:2547.343,2548.40 1 0
github.com/selectel/mks-go/pkg/v2/mksclient/mocks/mock_ClientWithResponsesInterface.go:2548.40,2550.30 2 0
github.com/selectel/mks-go/pkg/v2/mksclient/mocks/mock_ClientWithResponsesInterface.go:2550.30,2551.16 1 0
github.com/selectel/mks-go/pkg/v2/mksclient/mocks/mock_ClientWithResponsesInterface.go:2551.16,2553.5 1 0
github.com/selectel/mks-go/pkg/v2/mksclient/mocks/mock_ClientWithResponsesInterface.go:2555.3,2555.153 1 0
github.com/selectel/mks-go/pkg/v2/mksclient/mocks/mock_ClientWithResponsesInterface.go:2557.2,2557.11 1 0
github.com/selectel/mks-go/pkg/v2/mksclient/mocks/mock_ClientWithResponsesInterface.go:2560.225,2563.2 2 0
github.com/selectel/mks-go/pkg/v2/mksclient/mocks/mock_ClientWithResponsesInterface.go:2565.344,2568.2 2 0
github.com/selectel/mks-go/pkg/v2/mksclient/mocks/mock_ClientWithResponsesInterface.go:2571.298,2573.29 2 0
github.com/selectel/mks-go/pkg/v2/mksclient/mocks/mock_ClientWithResponsesInterface.go:2573.29,2575.3 1 0
github.com/selectel/mks-go/pkg/v2/mksclient/mocks/mock_ClientWithResponsesInterface.go:2576.2,2581.19 5 0
github.com/selectel/mks-go/pkg/v2/mksclient/mocks/mock_ClientWithResponsesInterface.go:2581.19,2582.71 1 0
github.com/selectel/mks-go/pkg/v2/mksclient/mocks/mock_ClientWithResponsesInterface.go:2585.2,2587.218 3 0
github.com/selectel/mks-go/pkg/v2/mksclient/mocks/mock_ClientWithResponsesInterface.go:2587.218,2589.3 1 0
github.com/selectel/mks-go/pkg/v2/mksclient/mocks/mock_ClientWithResponsesInterface.go:2590.2,2590.209 1 0
github.com/selectel/mks-go/pkg/v2/mksclient/mocks/mock_ClientWithResponsesInterface.go:2590.209,2592.3 1 0
github.com/selectel/mks-go/pkg/v2/mksclient/mocks/mock_ClientWithResponsesInterface.go:2592.8,2593.24 1 0
github.com/selectel/mks-go/pkg/v2/mksclient/mocks/mock_ClientWithResponsesInterface.go:2593.24,2595.4 1 0
github.com/selectel/mks-go/pkg/v2/mksclient/mocks/mock_ClientWithResponsesInterface.go:2598.2,2598.178 1 0
github.com/selectel/mks-go/pkg/v2/mksclient/mocks/mock_ClientWithResponsesInterface.go:2598.178,2600.3 1 0
github.com/selectel/mks-go/pkg/v2/mksclient/mocks/mock_ClientWithResponsesInterface.go:2600.8,2602.3 1 0
github.com/selectel/mks-go/pkg/v2/mksclient/mocks/mock_ClientWithResponsesInterface.go:2604.2,2604.15 1 0
github.com/selectel/mks-go/pkg/v2/mksclient/mocks/mock_ClientWithResponsesInterface.go:2618.263,2621.2 1 0
github.com/selectel/mks-go/pkg/v2/mksclient/mocks/mock_ClientWithResponsesInterface.go:2623.340,2624.40 1 0
github.com/selectel/mks-go/pkg/v2/mksclient/mocks/mock_ClientWithResponsesInterface.go:2624.40,2626.30 2 0
github.com/selectel/mks-go/pkg/v2/mksclient/mocks/mock_ClientWithResponsesInterface.go:2626.30,2627.16 1 0
github.com/selectel/mks-go/pkg/v2/mksclient/mocks/mock_ClientWithResponsesInterface.go:2627.16,2629.5 1 0
github.com/selectel/mks-go/pkg/v2/mksclient/mocks/mock_ClientWithResponsesInterface.go:2631.3,2631.168 1 0
github.com/selectel/mks-go/pkg/v2/mksclient/mocks/mock_ClientWithResponsesInterface.go:2633.2,2633.11 1 0
github.com/selectel/mks-go/pkg/v2/mksclient/mocks/mock_ClientWithResponsesInterface.go:2636.209,2639.2 2 0
github.com/selectel/mks-go/pkg/v2/mksclient/mocks/mock_ClientWithResponsesInterface.go:2641.353,2644.2 2 0
github.com/selectel/mks-go/pkg/v2/mksclient/mocks/mock_ClientWithResponsesInterface.go:2647.260,2649.29 2 0
github.com/selectel/mks-go/pkg/v2/mksclient/mocks/mock_ClientWithResponsesInterface.go:2649.29,2651.3 1 0
github.com/selectel/mks-go/pkg/v2/mksclient/mocks/mock_ClientWithResponsesInterface.go:2652.2,2657.19 5 0
github.com/selectel/mks-go/pkg/v2/mksclient/mocks/mock_ClientWithResponsesInterface.go:2657.19,2658.80 1 0
github.com/selectel/mks-go/pkg/v2/mksclient/mocks/mock_ClientWithResponsesInterface.go:2661.2,2663.171 3 0
github.com/selectel/mks-go/pkg/v2/mksclient/mocks/mock_ClientWithResponsesInterface.go:2663.171,2665.3 1 0
github.com/selectel/mks-go/pkg/v2/mksclient/mocks/mock_ClientWithResponsesInterface.go:2666.2,2666.162 1 0
github.com/selectel/mks-go/pkg/v2/mksclient/mocks/mock_ClientWithResponsesInterface.go:2666.162,2668.3 1 0
github.com/selectel/mks-go/pkg/v2/mksclient/mocks/mock_ClientWithResponsesInterface.go:2668.8,2669.24 1 0
github.com/selectel/mks-go/pkg/v2/mksclient/mocks/mock_ClientWithResponsesInterface.go:2669.24,2671.4 1 0
github.com/selectel/mks-go/pkg/v2/mksclient/mocks/mock_ClientWithResponsesInterface.go:2674.2,2674.130 1 0
github.com/selectel/mks-go/pkg/v2/mksclient/mocks/mock_ClientWithResponsesInterface.go:2674.130,2676.3 1 0
github.com/selectel/mks-go/pkg/v2/mksclient/mocks/mock_ClientWithResponsesInterface.go:2676.8,2678.3 1 0
github.com/selectel/mks-go/pkg/v2/mksclient/mocks/mock_ClientWithResponsesInterface.go:2680.2,2680.15 1 0
github.com/selectel/mks-go/pkg/v2/mksclient/mocks/mock_ClientWithResponsesInterface.go:2694.281,2697.2 1 0
github.com/selectel/mks-go/pkg/v2/mksclient/mocks/mock_ClientWithResponsesInterface.go:2699.310,2700.40 1 0
github.com/selectel/mks-go/pkg/v2/mksclient/mocks/mock_ClientWithResponsesInterface.go:2700.40,2702.30 2 0
github.com/selectel/mks-go/pkg/v2/mksclient/mocks/mock_ClientWithResponsesInterface.go:2702.30,2703.16 1 0
github.com/selectel/mks-go/pkg/v2/mksclient/mocks/mock_ClientWithResponsesInterface.go:2703.16,2705.5 1 0
github.com/selectel/mks-go/pkg/v2/mksclient/mocks/mock_ClientWithResponsesInterface.go:2707.3,2707.120 1 0
github.com/selectel/mks-go/pkg/v2/mksclient/mocks/mock_ClientWithResponsesInterface.go:2709.2,2709.11 1 0
github.com/selectel/mks-go/pkg/v2/mksclient/mocks/mock_ClientWithResponsesInterface.go:2712.228,2715.2 2 0
github.com/selectel/mks-go/pkg/v2/mksclient/mocks/mock_ClientWithResponsesInterface.go:2717.324,2720.2 2 0
github.com/selectel/mks-go/pkg/v2/mksclient/mocks/mock_ClientWithResponsesInterface.go:2723.266,2725.29 2 0
github.com/selectel/mks-go/pkg/v2/mksclient/mocks/mock_ClientWithResponsesInterface.go:2725.29,2727.3 1 0
github.com/selectel/mks-go/pkg/v2/mksclient/mocks/mock_ClientWithResponsesInterface.go:2728.2,2733.19 5 0
github.com/selectel/mks-go/pkg/v2/mksclient/mocks/mock_ClientWithResponsesInterface.go:2733.19,2734.72 1 0
github.com/selectel/mks-go/pkg/v2/mksclient/mocks/mock_ClientWithResponsesInterface.go:2737.2,2739.197 3 0
github.com/selectel/mks-go/pkg/v2/mksclient/mocks/mock_ClientWithResponsesInterface.go:2739.197,2741.3 1 0
github.com/selectel/mks-go/pkg/v2/mksclient/mocks/mock_ClientWithResponsesInterface.go:2742.2,2742.188 1 0
github.com/selectel/mks-go/pkg/v2/mksclient/mocks/mock_ClientWithResponsesInterface.go:2742.188,2744.3 1 0
github.com/selectel/mks-go/pkg/v2/mksclient/mocks/mock_ClientWithResponsesInterface.go:2744.8,2745.24 1 0
github.com/selectel/mks-go/pkg/v2/mksclient/mocks/mock_ClientWithResponsesInterface.go:2745.24,2747.4 1 0
github.com/selectel/mks-go/pkg/v2/mksclient/mocks/mock_ClientWithResponsesInterface.go:2750.2,2750.156 1 0
github.com/selectel/mks-go/pkg/v2/mksclient/mocks/mock_ClientWithResponsesInterface.go:2750.156,2752.3 1 0
github.com/selectel/mks-go/pkg/v2/mksclient/mocks/mock_ClientWithResponsesInterface.go:2752.8,2754.3 1 0
github.com/selectel/mks-go/pkg/v2/mksclient/mocks/mock_ClientWithResponsesInterface.go:2756.2,2756.15 1 0
github.com/selectel/mks-go/pkg/v2/mksclient/mocks/mock_ClientWithResponsesInterface.go:2769.240,2772.2 1 0
github.com/selectel/mks-go/pkg/v2/mksclient/mocks/mock_ClientWithResponsesInterface.go:2774.308,2775.40 1 0
github.com/selectel/mks-go/pkg/v2/mksclient/mocks/mock_ClientWithResponsesInterface.go:2775.40,2777.30 2 0
github.com/selectel/mks-go/pkg/v2/mksclient/mocks/mock_ClientWithResponsesInterface.go:2777.30,2778.16 1 0
github.com/selectel/mks-go/pkg/v2/mksclient/mocks/mock_ClientWithResponsesInterface.go:2778.16,2780.5 1 0
github.com/selectel/mks-go/pkg/v2/mksclient/mocks/mock_ClientWithResponsesInterface.go:2782.3,2782.136 1 0
github.com/selectel/mks-go/pkg/v2/mksclient/mocks/mock_ClientWithResponsesInterface.go:2784.2,2784.11 1 0
github.com/selectel/mks-go/pkg/v2/mksclient/mocks/mock_ClientWithResponsesInterface.go:2787.212,2790.2 2 0
github.com/selectel/mks-go/pkg/v2/mksclient/mocks/mock_ClientWithResponsesInterface.go:2792.334,2795.2 2 0
github.com/selectel/mks-go/pkg/v2/mksclient/mocks/mock_ClientWithResponsesInterface.go:2798.222,2800.29 2 0
github.com/selectel/mks-go/pkg/v2/mksclient/mocks/mock_ClientWithResponsesInterface.go:2800.29,2802.3 1 0
github.com/selectel/mks-go/pkg/v2/mksclient/mocks/mock_ClientWithResponsesInterface.go:2803.2,2808.19 5 0
github.com/selectel/mks-go/pkg/v2/mksclient/mocks/mock_ClientWithResponsesInterface.go:2808.19,2809.75 1 0
github.com/selectel/mks-go/pkg/v2/mksclient/mocks/mock_ClientWithResponsesInterface.go:2812.2,2814.155 3 0
github.com/selectel/mks-go/pkg/v2/mksclient/mocks/mock_ClientWithResponsesInterface.go:2814.155,2816.3 1 0
github.com/selectel/mks-go/pkg/v2/mksclient/mocks/mock_ClientWithResponsesInterface.go:2817.2,2817.146 1 0
github.com/selectel/mks-go/pkg/v2/mksclient/mocks/mock_ClientWithResponsesInterface.go:2817.146,2819.3 1 0
github.com/selectel/mks-go/pkg/v2/mksclient/mocks/mock_ClientWithResponsesInterface.go:2819.8,2820.24 1 0
github.com/selectel/mks-go/pkg/v2/mksclient/mocks/mock_ClientWithResponsesInterface.go:2820.24,2822.4 1 0
github.com/selectel/mks-go/pkg/v2/mksclient/mocks/mock_ClientWithResponsesInterface.go:2825.2,2825.111 1 0
github.com/selectel/mks-go/pkg/v2/mksclient/mocks/mock_ClientWithResponsesInterface.go:2825.111,2827.3 1 0
github.com/selectel/mks-go/pkg/v2/mksclient/mocks/mock_ClientWithResponsesInterface.go:2827.8,2829.3 1 0
github.com/selectel/mks-go/pkg/v2/mksclient/mocks/mock_ClientWithResponsesInterface.go:2831.2,2831.15 1 0
github.com/selectel/mks-go/pkg/v2/mksclient/mocks/mock_ClientWithResponsesInterface.go:2843.228,2846.2 1 0
github.com/selectel/mks-go/pkg/v2/mksclient/mocks/mock_ClientWithResponsesInterface.go:2848.264,2849.40 1 0
github.com/selectel/mks-go/pkg/v2/mksclient/mocks/mock_ClientWithResponsesInterface.go:2849.40,2851.30 2 0
github.com/selectel/mks-go/pkg/v2/mksclient/mocks/mock_ClientWithResponsesInterface.go:2851.30,2852.16 1 0
github.com/selectel/mks-go/pkg/v2/mksclient/mocks/mock_ClientWithResponsesInterface.go:2852.16,2854.5 1 0
github.com/selectel/mks-go/pkg/v2/mksclient/mocks/mock_ClientWithResponsesInterface.go:2856.3,2856.81 1 0
github.com/selectel/mks-go/pkg/v2/mksclient/mocks/mock_ClientWithResponsesInterface.go:2858.2,2858.11 1 0
github.com/selectel/mks-go/pkg/v2/mksclient/mocks/mock_ClientWithResponsesInterface.go:2861.221,2864.2 2 0
github.com/selectel/mks-go/pkg/v2/mksclient/mocks/mock_ClientWithResponsesInterface.go:2866.298,2869.2 2 0
github.com/selectel/mks-go/pkg/v2/mksclient/mocks/mock_ClientWithResponsesInterface.go:2872.222,2874.29 2 0
github.com/selectel/mks-go/pkg/v2/mksclient/mocks/mock_ClientWithResponsesInterface.go:2874.29,2876.3 1 0
github.com/selectel/mks-go/pkg/v2/mksclient/mocks/mock_ClientWithResponsesInterface.go:2877.2,2882.19 5 0
github.com/selectel/mks-go/pkg/v2/mksclient/mocks/mock_ClientWithResponsesInterface.go:2882.19,2883.75 1 0
github.com/selectel/mks-go/pkg/v2/mksclient/mocks/mock_ClientWithResponsesInterface.go:2886.2,2888.155 3 0
github.com/selectel/mks-go/pkg/v2/mksclient/mocks/mock_ClientWithResponsesInterface.go:2888.155,2890.3 1 0
github.com/selectel/mks-go/pkg/v2/mksclient/mocks/mock_ClientWithResponsesInterface.go:2891.2,2891.146 1 0
github.com/selectel/mks-go/pkg/v2/mksclient/mocks/mock_ClientWithResponsesInterface.go:2891.146,2893.3 1 0
github.com/selectel/mks-go/pkg/v2/mksclient/mocks/mock_ClientWithResponsesInterface.go:2893.8,2894.24 1 0
github.com/selectel/mks-go/pkg/v2/mksclient/mocks/mock_ClientWithResponsesInterface.go:2894.24,2896.4 1 0
github.com/selectel/mks-go/pkg/v2/mksclient/mocks/mock_ClientWithResponsesInterface.go:2899.2,2899.111 1 0
github.com/selectel/mks-go/pkg/v2/mksclient/mocks/mock_ClientWithResponsesInterface.go:2899.111,2901.3 1 0
github.com/selectel/mks-go/pkg/v2/mksclient/mocks/mock_ClientWithResponsesInterface.go:2901.8,2903.3 1 0
github.com/selectel/mks-go/pkg/v2/mksclient/mocks/mock_ClientWithResponsesInterface.go:2905.2,2905.15 1 0
github.com/selectel/mks-go/pkg/v2/mksclient/mocks/mock_ClientWithResponsesInterface.go:2917.228,2920.2 1 0
github.com/selectel/mks-go/pkg/v2/mksclient/mocks/mock_ClientWithResponsesInterface.go:2922.264,2923.40 1 0
github.com/selectel/mks-go/pkg/v2/mksclient/mocks/mock_ClientWithResponsesInterface.go:2923.40,2925.30 2 0
github.com/selectel/mks-go/pkg/v2/mksclient/mocks/mock_ClientWithResponsesInterface.go:2925.30,2926.16 1 0
github.com/selectel/mks-go/pkg/v2/mksclient/mocks/mock_ClientWithResponsesInterface.go:2926.16,2928.5 1 0
github.com/selectel/mks-go/pkg/v2/mksclient/mocks/mock_ClientWithResponsesInterface.go:2930.3,2930.81 1 0
github.com/selectel/mks-go/pkg/v2/mksclient/mocks/mock_ClientWithResponsesInterface.go:2932.2,2932.11 1 0
github.com/selectel/mks-go/pkg/v2/mksclient/mocks/mock_ClientWithResponsesInterface.go:2935.221,2938.2 2 0
github.com/selectel/mks-go/pkg/v2/mksclient/mocks/mock_ClientWithResponsesInterface.go:2940.298,2943.2 2 0
github.com/selectel/mks-go/pkg/v2/mksclient/mocks/mock_ClientWithResponsesInterface.go:2950.38,2954.19 3 0
github.com/selectel/mks-go/pkg/v2/mksclient/mocks/mock_ClientWithResponsesInterface.go:2954.19,2954.49 1 0
github.com/selectel/mks-go/pkg/v2/mksclient/mocks/mock_ClientWithResponsesInterface.go:2956.2,2956.13 1 0
github.com/selectel/mks-go/pkg/v2/mksclient/mocks/mock_HttpRequestDoer.go:20.71,22.2 1 0
github.com/selectel/mks-go/pkg/v2/mksclient/mocks/mock_HttpRequestDoer.go:25.78,28.19 2 0
github.com/selectel/mks-go/pkg/v2/mksclient/mocks/mock_HttpRequestDoer.go:28.19,29.44 1 0
github.com/selectel/mks-go/pkg/v2/mksclient/mocks/mock_HttpRequestDoer.go:32.2,34.76 3 0
github.com/selectel/mks-go/pkg/v2/mksclient/mocks/mock_HttpRequestDoer.go:34.76,36.3 1 0
github.com/selectel/mks-go/pkg/v2/mksclient/mocks/mock_HttpRequestDoer.go:37.2,37.67 1 0
github.com/selectel/mks-go/pkg/v2/mksclient/mocks/mock_HttpRequestDoer.go:37.67,39.3 1 0
github.com/selectel/mks-go/pkg/v2/mksclient/mocks/mock_HttpRequestDoer.go:39.8,40.24 1 0
github.com/selectel/mks-go/pkg/v2/mksclient/mocks/mock_HttpRequestDoer.go:40.24,42.4 1 0
github.com/selectel/mks-go/pkg/v2/mksclient/mocks/mock_HttpRequestDoer.go:45.2,45.58 1 0
github.com/selectel/mks-go/pkg/v2/mksclient/mocks/mock_HttpRequestDoer.go:45.58,47.3 1 0
github.com/selectel/mks-go/pkg/v2/mksclient/mocks/mock_HttpRequestDoer.go:47.8,49.3 1 0
github.com/selectel/mks-go/pkg/v2/mksclient/mocks/mock_HttpRequestDoer.go:51.2,51.15 1 0
github.com/selectel/mks-go/pkg/v2/mksclient/mocks/mock_HttpRequestDoer.go:61.90,63.2 1 0
github.com/selectel/mks-go/pkg/v2/mksclient/mocks/mock_HttpRequestDoer.go:65.102,66.40 1 0
github.com/selectel/mks-go/pkg/v2/mksclient/mocks/mock_HttpRequestDoer.go:66.40,68.3 1 0
github.com/selectel/mks-go/pkg/v2/mksclient/mocks/mock_HttpRequestDoer.go:69.2,69.11 1 0
github.com/selectel/mks-go/pkg/v2/mksclient/mocks/mock_HttpRequestDoer.go:72.107,75.2 2 0
github.com/selectel/mks-go/pkg/v2/mksclient/mocks/mock_HttpRequestDoer.go:77.131,80.2 2 0
github.com/selectel/mks-go/pkg/v2/mksclient/mocks/mock_HttpRequestDoer.go:87.25,91.19 3 0
github.com/selectel/mks-go/pkg/v2/mksclient/mocks/mock_HttpRequestDoer.go:91.19,91.49 1 0
github.com/selectel/mks-go/pkg/v2/mksclient/mocks/mock_HttpRequestDoer.go:93.2,93.13 1 0
github.com/selectel/mks-go/pkg/v2/mksclient/mocks/mock_RequestEditorFn.go:21.71,23.2 1 0
github.com/selectel/mks-go/pkg/v2/mksclient/mocks/mock_RequestEditorFn.go:26.86,29.19 2 0
github.com/selectel/mks-go/pkg/v2/mksclient/mocks/mock_RequestEditorFn.go:29.19,30.49 1 0
github.com/selectel/mks-go/pkg/v2/mksclient/mocks/mock_RequestEditorFn.go:33.2,34.75 2 0
github.com/selectel/mks-go/pkg/v2/mksclient/mocks/mock_RequestEditorFn.go:34.75,36.3 1 0
github.com/selectel/mks-go/pkg/v2/mksclient/mocks/mock_RequestEditorFn.go:36.8,38.3 1 0
github.com/selectel/mks-go/pkg/v2/mksclient/mocks/mock_RequestEditorFn.go:40.2,40.11 1 0
github.com/selectel/mks-go/pkg/v2/mksclient/mocks/mock_RequestEditorFn.go:51.117,53.2 1 0
github.com/selectel/mks-go/pkg/v2/mksclient/mocks/mock_RequestEditorFn.go:55.133,56.40 1 0
github.com/selectel/mks-go/pkg/v2/mksclient/mocks/mock_RequestEditorFn.go:56.40,58.3 1 0
github.com/selectel/mks-go/pkg/v2/mksclient/mocks/mock_RequestEditorFn.go:59.2,59.11 1 0
github.com/selectel/mks-go/pkg/v2/mksclient/mocks/mock_RequestEditorFn.go:62.97,65.2 2 0
github.com/selectel/mks-go/pkg/v2/mksclient/mocks/mock_RequestEditorFn.go:67.140,70.2 2 0
github.com/selectel/mks-go/pkg/v2/mksclient/mocks/mock_RequestEditorFn.go:77.25,81.19 3 0
github.com/selectel/mks-go/pkg/v2/mksclient/mocks/mock_RequestEditorFn.go:81.19,81.49 1 0
github.com/selectel/mks-go/pkg/v2/mksclient/mocks/mock_RequestEditorFn.go:83.2,83.13 1 0
github.com/selectel/mks-go/pkg/v2/task/requests.go:12.108,17.16 2 5
github.com/selectel/mks-go/pkg/v2/task/requests.go:17.16,19.3 1 1
github.com/selectel/mks-go/pkg/v2/task/requests.go:21.2,21.35 1 4
github.com/selectel/mks-go/pkg/v2/task/requests.go:21.35,23.3 1 1
github.com/selectel/mks-go/pkg/v2/task/requests.go:25.2,28.3 1 3
github.com/selectel/mks-go/pkg/v2/task/requests.go:32.124,39.16 2 5
github.com/selectel/mks-go/pkg/v2/task/requests.go:39.16,41.3 1 1
github.com/selectel/mks-go/pkg/v2/task/requests.go:43.2,43.35 1 4
github.com/selectel/mks-go/pkg/v2/task/requests.go:43.35,44.42 1 1
github.com/selectel/mks-go/pkg/v2/task/requests.go:44.42,46.4 1 0
github.com/selectel/mks-go/pkg/v2/task/requests.go:48.3,48.43 1 1
github.com/selectel/mks-go/pkg/v2/task/requests.go:51.2,54.3 1 3
